[17-04-2023 10:00:29]:⚙ DEBUG -> two (копия) copy
[17-04-2023 10:00:30]:⚙ DEBUG -> two
[17-04-2023 10:00:30]:⚙ DEBUG -> 432
[17-04-2023 10:00:31]:⚙ DEBUG -> 22
[17-04-2023 10:00:32]:⚙ DEBUG -> two (копия)
[17-04-2023 10:00:35]:⚙ DEBUG -> тест_1
[17-04-2023 10:00:36]:⚙ DEBUG -> new_1
[17-04-2023 10:00:37]:⚙ DEBUG -> 3232
[17-04-2023 10:04:14]:⚙ DEBUG -> two (копия) copy
[17-04-2023 10:04:14]:⚙ DEBUG -> two
[17-04-2023 10:04:14]:⚙ DEBUG -> 432
[17-04-2023 10:04:14]:⚙ DEBUG -> 22
[17-04-2023 10:04:14]:⚙ DEBUG -> two (копия)
[17-04-2023 10:04:14]:⚙ DEBUG -> тест_1
[17-04-2023 10:04:14]:⚙ DEBUG -> new_1
[17-04-2023 10:04:14]:⚙ DEBUG -> 3232
[17-04-2023 10:22:52]:⚙ DEBUG -> test_in
[17-04-2023 11:06:30]:⚙ DEBUG -> test_in2
[17-04-2023 11:11:45]:⚙ DEBUG -> in1_1
[17-04-2023 11:11:54]:⚙ DEBUG -> in2_2
[17-04-2023 12:16:16]:⚙ DEBUG -> туц_2
[17-04-2023 12:23:03]:⚙ DEBUG -> туц_1
[17-04-2023 12:23:43]:⚙ DEBUG -> nest_2folder
[17-04-2023 12:24:18]:⚙ DEBUG -> in2_new_folder
[17-04-2023 12:56:09]:⚙ DEBUG -> Сообщение от потока: in2_thread был найден пакет new_folder_123
[17-04-2023 12:56:29]:⚙ DEBUG -> Сообщение от потока: architector_thread был найден пакет new_folder_in_in
[17-04-2023 13:15:39]:⚙ DEBUG -> Сообщение от потока: architector_thread -> найден новый пакет test_in_folder
[17-04-2023 13:16:09]:⚙ DEBUG -> Сообщение от потока: in2_thread -> найден новый пакет test_in2_folder
[18-04-2023 14:22:58]:⚙ DEBUG -> Сообщение от задачи `sf_copy_thread` -> найден новый пакет ghfgsdhfghsd
[18-04-2023 14:23:48]:⚙ DEBUG -> Сообщение от задачи `sf_copy_thread` -> найден новый пакет СФ_53596025_1
[18-04-2023 14:25:19]:⚙ DEBUG -> Сообщение от задачи `sf_copy_thread` -> найден новый пакет СФ_53596025_1_3
[18-04-2023 14:28:03]:⚙ DEBUG -> Сообщение от задачи `sf_copy_thread` -> найден новый пакет СФ_53596025_1_3
[18-04-2023 14:29:44]:⚙ DEBUG -> Сообщение от задачи `sf_copy_thread` -> найден новый пакет СФ_53596025_1_3
[18-04-2023 14:32:35]:⚙ DEBUG -> Сообщение от задачи `sf_copy_thread` -> найден новый пакет СФ_53596025_1_3
[18-04-2023 14:36:33]:⚙ DEBUG -> Сообщение от задачи `architector_thread` -> найден новый пакет 22 copy
[18-04-2023 14:38:11]:⚙ DEBUG -> Сообщение от задачи `architector_thread` -> найден новый пакет 22 copy 2
[18-04-2023 14:38:16]:⚙ DEBUG -> Сообщение от задачи `sf_copy_thread` -> найден новый пакет 321123321 copy
[18-04-2023 14:38:41]:⚙ DEBUG -> Сообщение от задачи `sf_copy_thread` -> найден новый пакет СФ_53596025_1_3 copy
