[17-04-2023 10:00:29]:💬 Информация -> Процесс architector_thread нашел новый пакет two (копия) copy
[17-04-2023 10:00:30]:💬 Информация -> Процесс architector_thread нашел новый пакет two
[17-04-2023 10:00:30]:💬 Информация -> Процесс architector_thread нашел новый пакет 432
[17-04-2023 10:00:31]:💬 Информация -> Процесс architector_thread нашел новый пакет 22
[17-04-2023 10:00:32]:💬 Информация -> Процесс architector_thread нашел новый пакет two (копия)
[17-04-2023 10:00:35]:💬 Информация -> Процесс architector_thread нашел новый пакет тест_1
[17-04-2023 10:00:36]:💬 Информация -> Процесс architector_thread нашел новый пакет new_1
[17-04-2023 10:00:37]:💬 Информация -> Процесс architector_thread нашел новый пакет 3232
[17-04-2023 10:04:14]:💬 Информация -> Процесс architector_thread нашел новый пакет two (копия) copy
[17-04-2023 10:04:14]:💬 Информация -> Процесс architector_thread нашел новый пакет two
[17-04-2023 10:04:14]:💬 Информация -> Процесс architector_thread нашел новый пакет 432
[17-04-2023 10:04:14]:💬 Информация -> Процесс architector_thread нашел новый пакет 22
[17-04-2023 10:04:14]:💬 Информация -> Процесс architector_thread нашел новый пакет two (копия)
[17-04-2023 10:04:14]:💬 Информация -> Процесс architector_thread нашел новый пакет тест_1
[17-04-2023 10:04:14]:💬 Информация -> Процесс architector_thread нашел новый пакет new_1
[17-04-2023 10:04:14]:💬 Информация -> Процесс architector_thread нашел новый пакет 3232
[17-04-2023 10:06:47]:💬 Информация -> {}
[17-04-2023 10:11:34]:⚠ Предупреждение -> Ошибка чтения файла architector_thread/.txt, будет создан новый файл
[17-04-2023 10:13:27]:💬 Информация -> {"architector_thread": ["two (копия) copy", "two", "432", "22", "two (копия)", "тест_1", "new_1", "3232"]}
[17-04-2023 10:22:50]:💬 Информация -> {"architector_thread": ["two (копия) copy", "two", "432", "22", "two (копия)", "тест_1", "new_1", "3232"]}
[17-04-2023 10:22:52]:💬 Информация -> Процесс architector_thread нашел новый пакет test_in
[17-04-2023 10:28:01]:💬 Информация -> {"architector_thread": ["two (копия) copy", "two", "432", "22", "two (копия)", "тест_1", "new_1", "3232", "test_in"]}
[17-04-2023 11:03:35]:💬 Информация -> {"architector_thread": ["two (копия) copy", "two", "432", "22", "two (копия)", "тест_1", "new_1", "3232", "test_in"]}
[17-04-2023 11:06:26]:💬 Информация -> {"architector_thread": ["two (копия) copy", "two", "432", "22", "two (копия)", "тест_1", "new_1", "3232", "test_in"]}
[17-04-2023 11:06:29]:⚠ Предупреждение -> Ошибка чтения файла in2_thread.txt, будет создан новый файл
[17-04-2023 11:06:29]:💬 Информация -> {"architector_thread": ["two (копия) copy", "two", "432", "22", "two (копия)", "тест_1", "new_1", "3232", "test_in"], "in2_thread": []}
[17-04-2023 11:06:30]:💬 Информация -> Процесс in2_thread нашел новый пакет test_in2
[17-04-2023 11:06:30]:💬 Информация -> Потоки выполняются параллельно, пока основной едет дальше
[17-04-2023 11:09:31]:💬 Информация -> {"architector_thread": ["two (копия) copy", "two", "432", "22", "two (копия)", "тест_1", "new_1", "3232", "test_in"]}
[17-04-2023 11:09:31]:💬 Информация -> {"architector_thread": ["two (копия) copy", "two", "432", "22", "two (копия)", "тест_1", "new_1", "3232", "test_in"], "in2_thread": ["test_in2"]}
[17-04-2023 11:09:31]:💬 Информация -> Потоки выполняются параллельно, пока основной едет дальше
[17-04-2023 11:11:40]:💬 Информация -> {"architector_thread": ["two (копия) copy", "two", "432", "22", "two (копия)", "тест_1", "new_1", "3232", "test_in"]}
[17-04-2023 11:11:45]:💬 Информация -> Процесс architector_thread нашел новый пакет in1_1
[17-04-2023 11:11:51]:💬 Информация -> {"architector_thread": ["two (копия) copy", "two", "432", "22", "two (копия)", "тест_1", "new_1", "3232", "test_in", "in1_1"], "in2_thread": ["test_in2"]}
[17-04-2023 11:11:54]:💬 Информация -> Процесс in2_thread нашел новый пакет in2_2
[17-04-2023 11:11:57]:💬 Информация -> Потоки выполняются параллельно, пока основной едет дальше
[17-04-2023 11:22:28]:💬 Информация -> {"architector_thread": ["two (копия) copy", "two", "432", "22", "two (копия)", "тест_1", "new_1", "3232", "test_in", "in1_1"]}
[17-04-2023 11:22:57]:💬 Информация -> {"in2_thread": ["test_in2", "in2_2"], "architector_thread": ["two (копия) copy", "two", "432", "22", "two (копия)", "тест_1", "new_1", "3232", "test_in", "in1_1"]}
[17-04-2023 11:23:00]:💬 Информация -> Потоки выполняются параллельно, пока основной едет дальше
[17-04-2023 12:07:10]:💬 Информация -> {"architector_thread": ["two (копия) copy", "two", "432", "22", "two (копия)", "тест_1", "new_1", "3232", "test_in", "in1_1"]}
[17-04-2023 12:07:14]:💬 Информация -> Процесс architector_thread закончил работу, я не должен был
[17-04-2023 12:07:14]:💬 Информация -> {"in2_thread": ["test_in2", "in2_2"], "architector_thread": ["two (копия) copy", "two", "432", "22", "two (копия)", "тест_1", "new_1", "3232", "test_in", "in1_1"]}
[17-04-2023 12:07:34]:💬 Информация -> Процесс in2_thread закончил работу, я не должен был
[17-04-2023 12:07:34]:💬 Информация -> Потоки выполняются параллельно, пока основной едет дальше
[17-04-2023 12:09:19]:💬 Информация -> {"architector_thread": ["two (копия) copy", "two", "432", "22", "two (копия)", "тест_1", "new_1", "3232", "test_in", "in1_1"]}
[17-04-2023 12:12:34]:💬 Информация -> {"architector_thread": ["two (копия) copy", "two", "432", "22", "two (копия)", "тест_1", "new_1", "3232", "test_in", "in1_1"]}
[17-04-2023 12:16:16]:💬 Информация -> Процесс architector_thread нашел новый пакет туц_2
[17-04-2023 12:22:07]:💬 Информация -> {"architector_thread": ["two (копия) copy", "two", "432", "22", "two (копия)", "тест_1", "new_1", "3232", "test_in", "in1_1", "туц_2"]}
[17-04-2023 12:22:07]:💬 Информация -> Процесс architector_thread закончил работу, я не должен был
[17-04-2023 12:22:07]:💬 Информация -> {"in2_thread": ["test_in2", "in2_2"], "architector_thread": ["two (копия) copy", "two", "432", "22", "two (копия)", "тест_1", "new_1", "3232", "test_in", "in1_1", "туц_2"]}
[17-04-2023 12:22:07]:💬 Информация -> Процесс in2_thread закончил работу, я не должен был
[17-04-2023 12:22:07]:💬 Информация -> Потоки выполняются параллельно, пока основной едет дальше
[17-04-2023 12:23:03]:💬 Информация -> {"architector_thread": ["two (копия) copy", "two", "432", "22", "two (копия)", "тест_1", "new_1", "3232", "test_in", "in1_1", "туц_2"]}
[17-04-2023 12:23:03]:💬 Информация -> Процесс architector_thread закончил работу, я не должен был
[17-04-2023 12:23:03]:💬 Информация -> {"architector_thread": ["two (копия) copy", "two", "432", "22", "two (копия)", "тест_1", "new_1", "3232", "test_in", "in1_1", "туц_2"], "in2_thread": ["test_in2", "in2_2"]}
[17-04-2023 12:23:03]:💬 Информация -> Процесс in2_thread закончил работу, я не должен был
[17-04-2023 12:23:03]:💬 Информация -> Потоки выполняются параллельно, пока основной едет дальше
[17-04-2023 12:23:03]:💬 Информация -> Процесс in2_thread нашел новый пакет туц_1
[17-04-2023 12:23:43]:💬 Информация -> Процесс architector_thread нашел новый пакет nest_2folder
[17-04-2023 12:24:18]:💬 Информация -> Процесс in2_thread нашел новый пакет in2_new_folder
[17-04-2023 12:54:29]:💬 Информация -> {"architector_thread": ["two (копия) copy", "two", "432", "22", "two (копия)", "тест_1", "new_1", "3232", "test_in", "in1_1", "туц_2", "nest_2folder"]}
[17-04-2023 12:54:29]:💬 Информация -> {"in2_thread": ["test_in2", "in2_2", "туц_1", "in2_new_folder"], "architector_thread": ["two (копия) copy", "two", "432", "22", "two (копия)", "тест_1", "new_1", "3232", "test_in", "in1_1", "туц_2", "nest_2folder"]}
[17-04-2023 12:56:09]:💬 Информация -> Процесс in2_thread нашел новый пакет new_folder_123
[17-04-2023 12:56:29]:💬 Информация -> Процесс architector_thread нашел новый пакет new_folder_in_in
[17-04-2023 13:02:50]:💬 Информация -> {"architector_thread": ["two (копия) copy", "two", "432", "22", "two (копия)", "тест_1", "new_1", "3232", "test_in", "in1_1", "туц_2", "nest_2folder", "new_folder_in_in"]}
[17-04-2023 13:02:50]:💬 Информация -> {"in2_thread": ["test_in2", "in2_2", "туц_1", "in2_new_folder", "new_folder_123"], "architector_thread": ["two (копия) copy", "two", "432", "22", "two (копия)", "тест_1", "new_1", "3232", "test_in", "in1_1", "туц_2", "nest_2folder", "new_folder_in_in"]}
[17-04-2023 13:07:39]:💬 Информация -> {"architector_thread": ["two (копия) copy", "two", "432", "22", "two (копия)", "тест_1", "new_1", "3232", "test_in", "in1_1", "туц_2", "nest_2folder", "new_folder_in_in"]}
[17-04-2023 13:07:39]:💬 Информация -> {"architector_thread": ["two (копия) copy", "two", "432", "22", "two (копия)", "тест_1", "new_1", "3232", "test_in", "in1_1", "туц_2", "nest_2folder", "new_folder_in_in"], "in2_thread": ["test_in2", "in2_2", "туц_1", "in2_new_folder", "new_folder_123"]}
[17-04-2023 13:11:39]:💬 Информация -> {"architector_thread": ["two (копия) copy", "two", "432", "22", "two (копия)", "тест_1", "new_1", "3232", "test_in", "in1_1", "туц_2", "nest_2folder", "new_folder_in_in"]}
[17-04-2023 13:11:39]:💬 Информация -> {"architector_thread": ["two (копия) copy", "two", "432", "22", "two (копия)", "тест_1", "new_1", "3232", "test_in", "in1_1", "туц_2", "nest_2folder", "new_folder_in_in"], "in2_thread": ["test_in2", "in2_2", "туц_1", "in2_new_folder", "new_folder_123"]}
[17-04-2023 13:15:19]:💬 Информация -> {"architector_thread": ["two (копия) copy", "two", "432", "22", "two (копия)", "тест_1", "new_1", "3232", "test_in", "in1_1", "туц_2", "nest_2folder", "new_folder_in_in"]}
[17-04-2023 13:15:19]:💬 Информация -> {"architector_thread": ["two (копия) copy", "two", "432", "22", "two (копия)", "тест_1", "new_1", "3232", "test_in", "in1_1", "туц_2", "nest_2folder", "new_folder_in_in"], "in2_thread": ["test_in2", "in2_2", "туц_1", "in2_new_folder", "new_folder_123"]}
[17-04-2023 13:15:39]:💬 Информация -> Процесс architector_thread нашел новый пакет test_in_folder
[17-04-2023 13:16:09]:💬 Информация -> Процесс in2_thread нашел новый пакет test_in2_folder
[17-04-2023 14:55:02]:💬 Информация -> {"architector_thread": ["two (копия) copy", "two", "432", "22", "two (копия)", "тест_1", "new_1", "3232", "test_in", "in1_1", "туц_2", "nest_2folder", "new_folder_in_in", "test_in_folder"]}
[17-04-2023 14:55:02]:💬 Информация -> {"architector_thread": ["two (копия) copy", "two", "432", "22", "two (копия)", "тест_1", "new_1", "3232", "test_in", "in1_1", "туц_2", "nest_2folder", "new_folder_in_in", "test_in_folder"], "in2_thread": ["test_in2", "in2_2", "туц_1", "in2_new_folder", "new_folder_123", "test_in2_folder"]}
