[02-02-2024 13:17:26]:⚙ DEBUG -> Сообщение от задачи `from_backup_to_architector` -> найден новый пакет in/22 copy 11
[02-02-2024 13:17:26]:⚠ Предупреждение -> Пакет in/22 copy 11 не скопирован из-за ошибки или потому-что он не указан в правилах
[02-02-2024 13:17:26]:⚙ DEBUG -> Сообщение от задачи `from_in_to_backup` -> найден новый пакет in2/70178878_1 copy 24
[02-02-2024 13:17:26]:⚠ Предупреждение -> Пакет in2/70178878_1 copy 24 не скопирован из-за ошибки или потому-что он не указан в правилах
[02-02-2024 13:17:26]:⚙ DEBUG -> Сообщение от задачи `from_in_to_backup` -> найден новый пакет in2/70178878_1 copy 11
[02-02-2024 13:17:26]:💬 Информация -> Для задачи `from_in_to_backup` и пакета in2/70178878_1 copy 11 сработало правило source +\w+:uid="b7eaa52a-ea8e-4f6d-9b2b-c774c58f31e5"
[02-02-2024 13:17:26]:💬 Информация -> Успешно распакован архив транспортного пакета out/70178878_1 copy 11/container.edc.zip
[02-02-2024 13:17:26]:💬 Информация -> Задачей `from_in_to_backup` c модификатором copy_only пакет 70178878_1 copy 11 скопирован в out за 0с.
[02-02-2024 13:17:26]:⚙ DEBUG -> Сообщение от задачи `from_in_to_backup` -> найден новый пакет in2/70178878_1 copy 18
[02-02-2024 13:17:26]:💬 Информация -> Для задачи `from_in_to_backup` и пакета in2/70178878_1 copy 18 сработало правило source +\w+:uid="b7eaa52a-ea8e-4f6d-9b2b-c774c58f31e5"
[02-02-2024 13:17:26]:💬 Информация -> Успешно распакован архив транспортного пакета out/70178878_1 copy 18/container.edc.zip
[02-02-2024 13:17:26]:💬 Информация -> Задачей `from_in_to_backup` c модификатором copy_only пакет 70178878_1 copy 18 скопирован в out за 0с.
[02-02-2024 13:17:26]:⚙ DEBUG -> Сообщение от задачи `from_in_to_backup` -> найден новый пакет in2/in2_2
[02-02-2024 13:17:26]:⚠ Предупреждение -> Пакет in2/in2_2 не скопирован из-за ошибки или потому-что он не указан в правилах
[02-02-2024 13:17:26]:⚙ DEBUG -> Сообщение от задачи `from_in_to_backup` -> найден новый пакет in2/38773995_1 copy 5
[02-02-2024 13:17:26]:⚠ Предупреждение -> Пакет in2/38773995_1 copy 5 не скопирован из-за ошибки или потому-что он не указан в правилах
[02-02-2024 13:17:26]:⚙ DEBUG -> Сообщение от задачи `from_in_to_backup` -> найден новый пакет in2/70178878_1 copy 19
[02-02-2024 13:17:26]:💬 Информация -> Для задачи `from_in_to_backup` и пакета in2/70178878_1 copy 19 сработало правило source +\w+:uid="b7eaa52a-ea8e-4f6d-9b2b-c774c58f31e5"
[02-02-2024 13:17:26]:💬 Информация -> Успешно распакован архив транспортного пакета out/70178878_1 copy 19/container.edc.zip
[02-02-2024 13:17:26]:💬 Информация -> Задачей `from_in_to_backup` c модификатором copy_only пакет 70178878_1 copy 19 скопирован в out за 0с.
[02-02-2024 13:17:26]:⚙ DEBUG -> Сообщение от задачи `from_in_to_backup` -> найден новый пакет in2/38773995_1 copy 4
[02-02-2024 13:17:26]:⚠ Предупреждение -> Пакет in2/38773995_1 copy 4 не скопирован из-за ошибки или потому-что он не указан в правилах
[02-02-2024 13:17:26]:⚙ DEBUG -> Сообщение от задачи `from_in_to_backup` -> найден новый пакет in2/70178878_1 copy
[02-02-2024 13:17:26]:💬 Информация -> Для задачи `from_in_to_backup` и пакета in2/70178878_1 copy сработало правило source +\w+:uid="b7eaa52a-ea8e-4f6d-9b2b-c774c58f31e5"
[02-02-2024 13:17:26]:💬 Информация -> Успешно распакован архив транспортного пакета out/70178878_1 copy/container.edc.zip
[02-02-2024 13:17:26]:💬 Информация -> Задачей `from_in_to_backup` c модификатором copy_only пакет 70178878_1 copy скопирован в out за 0с.
[02-02-2024 13:17:26]:⚙ DEBUG -> Сообщение от задачи `from_in_to_backup` -> найден новый пакет in2/70178878_1 copy 6
[02-02-2024 13:17:26]:💬 Информация -> Для задачи `from_in_to_backup` и пакета in2/70178878_1 copy 6 сработало правило source +\w+:uid="b7eaa52a-ea8e-4f6d-9b2b-c774c58f31e5"
[02-02-2024 13:17:26]:💬 Информация -> Успешно распакован архив транспортного пакета out/70178878_1 copy 6/container.edc.zip
[02-02-2024 13:17:26]:💬 Информация -> Задачей `from_in_to_backup` c модификатором copy_only пакет 70178878_1 copy 6 скопирован в out за 0с.
[02-02-2024 13:17:26]:⚙ DEBUG -> Сообщение от задачи `from_in_to_backup` -> найден новый пакет in2/70178878_1 copy 2
[02-02-2024 13:17:26]:💬 Информация -> Для задачи `from_in_to_backup` и пакета in2/70178878_1 copy 2 сработало правило source +\w+:uid="b7eaa52a-ea8e-4f6d-9b2b-c774c58f31e5"
[02-02-2024 13:17:26]:💬 Информация -> Успешно распакован архив транспортного пакета out/70178878_1 copy 2/container.edc.zip
[02-02-2024 13:17:26]:💬 Информация -> Задачей `from_in_to_backup` c модификатором copy_only пакет 70178878_1 copy 2 скопирован в out за 0с.
[02-02-2024 13:17:26]:⚙ DEBUG -> Сообщение от задачи `from_in_to_backup` -> найден новый пакет in2/new_folder_123
[02-02-2024 13:17:26]:⚠ Предупреждение -> Пакет in2/new_folder_123 не скопирован из-за ошибки или потому-что он не указан в правилах
[02-02-2024 13:17:26]:⚙ DEBUG -> Сообщение от задачи `from_in_to_backup` -> найден новый пакет in2/test_in2
[02-02-2024 13:17:26]:⚠ Предупреждение -> Пакет in2/test_in2 не скопирован из-за ошибки или потому-что он не указан в правилах
[02-02-2024 13:17:26]:⚙ DEBUG -> Сообщение от задачи `from_backup_to_architector` -> найден новый пакет in/22 copy 6
[02-02-2024 13:17:26]:⚠ Предупреждение -> Пакет in/22 copy 6 не скопирован из-за ошибки или потому-что он не указан в правилах
[02-02-2024 13:17:26]:⚙ DEBUG -> Сообщение от задачи `from_in_to_backup` -> найден новый пакет in2/70178878_1 copy 9
[02-02-2024 13:17:26]:💬 Информация -> Для задачи `from_in_to_backup` и пакета in2/70178878_1 copy 9 сработало правило source +\w+:uid="b7eaa52a-ea8e-4f6d-9b2b-c774c58f31e5"
[02-02-2024 13:17:26]:💬 Информация -> Успешно распакован архив транспортного пакета out/70178878_1 copy 9/container.edc.zip
[02-02-2024 13:17:26]:💬 Информация -> Задачей `from_in_to_backup` c модификатором copy_only пакет 70178878_1 copy 9 скопирован в out за 0с.
[02-02-2024 13:17:26]:⚙ DEBUG -> Сообщение от задачи `from_backup_to_architector` -> найден новый пакет in/test_in_folder
[02-02-2024 13:17:26]:⚠ Предупреждение -> Пакет in/test_in_folder не скопирован из-за ошибки или потому-что он не указан в правилах
[02-02-2024 13:17:26]:⚙ DEBUG -> Сообщение от задачи `from_in_to_backup` -> найден новый пакет in2/70178878_1 copy 5
[02-02-2024 13:17:26]:💬 Информация -> Для задачи `from_in_to_backup` и пакета in2/70178878_1 copy 5 сработало правило source +\w+:uid="b7eaa52a-ea8e-4f6d-9b2b-c774c58f31e5"
[02-02-2024 13:17:26]:💬 Информация -> Успешно распакован архив транспортного пакета out/70178878_1 copy 5/container.edc.zip
[02-02-2024 13:17:26]:💬 Информация -> Задачей `from_in_to_backup` c модификатором copy_only пакет 70178878_1 copy 5 скопирован в out за 0с.
[02-02-2024 13:17:26]:⚙ DEBUG -> Сообщение от задачи `from_backup_to_architector` -> найден новый пакет in/тест_1 copy
[02-02-2024 13:17:26]:⚠ Предупреждение -> Пакет in/тест_1 copy не скопирован из-за ошибки или потому-что он не указан в правилах
[02-02-2024 13:17:26]:⚙ DEBUG -> Сообщение от задачи `from_in_to_backup` -> найден новый пакет in2/test_in2_folder
[02-02-2024 13:17:26]:⚠ Предупреждение -> Пакет in2/test_in2_folder не скопирован из-за ошибки или потому-что он не указан в правилах
[02-02-2024 13:17:26]:⚙ DEBUG -> Сообщение от задачи `from_backup_to_architector` -> найден новый пакет in/22 copy 10
[02-02-2024 13:17:26]:⚠ Предупреждение -> Пакет in/22 copy 10 не скопирован из-за ошибки или потому-что он не указан в правилах
[02-02-2024 13:17:26]:⚙ DEBUG -> Сообщение от задачи `from_in_to_backup` -> найден новый пакет in2/70178878_1 copy 22
[02-02-2024 13:17:26]:⚠ Предупреждение -> Пакет in2/70178878_1 copy 22 не скопирован из-за ошибки или потому-что он не указан в правилах
[02-02-2024 13:17:26]:⚙ DEBUG -> Сообщение от задачи `from_backup_to_architector` -> найден новый пакет in/22 copy
[02-02-2024 13:17:26]:⚠ Предупреждение -> Пакет 22 copy уже существует по адресу out копирование пакета отменено
[02-02-2024 13:17:26]:⚠ Предупреждение -> Пакет in/22 copy не скопирован из-за ошибки или потому-что он не указан в правилах
[02-02-2024 13:17:26]:⚙ DEBUG -> Сообщение от задачи `from_in_to_backup` -> найден новый пакет in2/туц_1 copy
[02-02-2024 13:17:26]:⚠ Предупреждение -> Пакет in2/туц_1 copy не скопирован из-за ошибки или потому-что он не указан в правилах
[02-02-2024 13:17:26]:⚙ DEBUG -> Сообщение от задачи `from_backup_to_architector` -> найден новый пакет in/new_folder_in_in copy
[02-02-2024 13:17:26]:⚠ Предупреждение -> Пакет in/new_folder_in_in copy не скопирован из-за ошибки или потому-что он не указан в правилах
[02-02-2024 13:17:26]:⚙ DEBUG -> Сообщение от задачи `from_backup_to_architector` -> найден новый пакет in/22 copy 8
[02-02-2024 13:17:26]:⚠ Предупреждение -> Пакет in/22 copy 8 не скопирован из-за ошибки или потому-что он не указан в правилах
[02-02-2024 13:17:26]:⚙ DEBUG -> Сообщение от задачи `from_backup_to_architector` -> найден новый пакет in/two (копия) copy
[02-02-2024 13:17:26]:⚠ Предупреждение -> Пакет in/two (копия) copy не скопирован из-за ошибки или потому-что он не указан в правилах
[02-02-2024 13:17:26]:⚙ DEBUG -> Сообщение от задачи `from_in_to_backup` -> найден новый пакет in2/321123321 copy
[02-02-2024 13:17:26]:⚠ Предупреждение -> Пакет in2/321123321 copy не скопирован из-за ошибки или потому-что он не указан в правилах
[02-02-2024 13:17:26]:⚙ DEBUG -> Сообщение от задачи `from_in_to_backup` -> найден новый пакет in2/70178878_1 copy 10
[02-02-2024 13:17:26]:💬 Информация -> Для задачи `from_in_to_backup` и пакета in2/70178878_1 copy 10 сработало правило source +\w+:uid="b7eaa52a-ea8e-4f6d-9b2b-c774c58f31e5"
[02-02-2024 13:17:26]:💬 Информация -> Успешно распакован архив транспортного пакета out/70178878_1 copy 10/container.edc.zip
[02-02-2024 13:17:26]:💬 Информация -> Задачей `from_in_to_backup` c модификатором copy_only пакет 70178878_1 copy 10 скопирован в out за 0с.
[02-02-2024 13:17:26]:⚙ DEBUG -> Сообщение от задачи `from_in_to_backup` -> найден новый пакет in2/ghfgsdhfghsd
[02-02-2024 13:17:26]:⚠ Предупреждение -> Пакет in2/ghfgsdhfghsd не скопирован из-за ошибки или потому-что он не указан в правилах
[02-02-2024 13:17:26]:⚙ DEBUG -> Сообщение от задачи `from_backup_to_architector` -> найден новый пакет in/test_in
[02-02-2024 13:17:26]:⚠ Предупреждение -> Пакет in/test_in не скопирован из-за ошибки или потому-что он не указан в правилах
[02-02-2024 13:17:26]:⚙ DEBUG -> Сообщение от задачи `from_in_to_backup` -> найден новый пакет in2/туц_1
[02-02-2024 13:17:26]:⚠ Предупреждение -> Пакет in2/туц_1 не скопирован из-за ошибки или потому-что он не указан в правилах
[02-02-2024 13:17:26]:⚙ DEBUG -> Сообщение от задачи `from_backup_to_architector` -> найден новый пакет in/22 copy 4
[02-02-2024 13:17:26]:⚠ Предупреждение -> Пакет in/22 copy 4 не скопирован из-за ошибки или потому-что он не указан в правилах
[02-02-2024 13:17:26]:⚙ DEBUG -> Сообщение от задачи `from_in_to_backup` -> найден новый пакет in2/ghfgsdhfghsd copy
[02-02-2024 13:17:26]:⚠ Предупреждение -> Пакет in2/ghfgsdhfghsd copy не скопирован из-за ошибки или потому-что он не указан в правилах
[02-02-2024 13:17:26]:⚙ DEBUG -> Сообщение от задачи `from_backup_to_architector` -> найден новый пакет in/22 copy 12
[02-02-2024 13:17:26]:⚠ Предупреждение -> Пакет in/22 copy 12 не скопирован из-за ошибки или потому-что он не указан в правилах
[02-02-2024 13:17:26]:⚙ DEBUG -> Сообщение от задачи `from_backup_to_architector` -> найден новый пакет in/two
[02-02-2024 13:17:26]:⚠ Предупреждение -> Пакет in/two не скопирован из-за ошибки или потому-что он не указан в правилах
[02-02-2024 13:17:26]:⚙ DEBUG -> Сообщение от задачи `from_backup_to_architector` -> найден новый пакет in/432
[02-02-2024 13:17:26]:⚠ Предупреждение -> Пакет in/432 не скопирован из-за ошибки или потому-что он не указан в правилах
[02-02-2024 13:17:26]:⚙ DEBUG -> Сообщение от задачи `from_backup_to_architector` -> найден новый пакет in/22 copy 9
[02-02-2024 13:17:26]:⚠ Предупреждение -> Пакет in/22 copy 9 не скопирован из-за ошибки или потому-что он не указан в правилах
[02-02-2024 13:17:26]:⚙ DEBUG -> Сообщение от задачи `from_backup_to_architector` -> найден новый пакет in/22
[02-02-2024 13:17:26]:⚠ Предупреждение -> Пакет in/22 не скопирован из-за ошибки или потому-что он не указан в правилах
[02-02-2024 13:17:26]:⚙ DEBUG -> Сообщение от задачи `from_backup_to_architector` -> найден новый пакет in/two (копия)
[02-02-2024 13:17:26]:⚠ Предупреждение -> Пакет in/two (копия) не скопирован из-за ошибки или потому-что он не указан в правилах
[02-02-2024 13:17:26]:⚙ DEBUG -> Сообщение от задачи `from_in_to_backup` -> найден новый пакет in2/70178878_1 copy 4
[02-02-2024 13:17:26]:⚠ Предупреждение -> Пакет in2/70178878_1 copy 4 не скопирован из-за ошибки или потому-что он не указан в правилах
[02-02-2024 13:17:26]:⚙ DEBUG -> Сообщение от задачи `from_in_to_backup` -> найден новый пакет in2/70178878_1 copy 20
[02-02-2024 13:17:26]:💬 Информация -> Для задачи `from_in_to_backup` и пакета in2/70178878_1 copy 20 сработало правило source +\w+:uid="b7eaa52a-ea8e-4f6d-9b2b-c774c58f31e5"
[02-02-2024 13:17:26]:💬 Информация -> Успешно распакован архив транспортного пакета out/70178878_1 copy 20/container.edc.zip
[02-02-2024 13:17:26]:💬 Информация -> Задачей `from_in_to_backup` c модификатором copy_only пакет 70178878_1 copy 20 скопирован в out за 0с.
[02-02-2024 13:17:26]:⚙ DEBUG -> Сообщение от задачи `from_backup_to_architector` -> найден новый пакет in/38773995_1_1_unzip
[02-02-2024 13:17:26]:⚠ Предупреждение -> Пакет 38773995_1_1_unzip уже существует по адресу out копирование пакета отменено
[02-02-2024 13:17:26]:⚠ Предупреждение -> Пакет in/38773995_1_1_unzip не скопирован из-за ошибки или потому-что он не указан в правилах
[02-02-2024 13:17:26]:⚙ DEBUG -> Сообщение от задачи `from_in_to_backup` -> найден новый пакет in2/38773995_1 copy 2
[02-02-2024 13:17:26]:⚠ Предупреждение -> Пакет in2/38773995_1 copy 2 не скопирован из-за ошибки или потому-что он не указан в правилах
[02-02-2024 13:17:26]:⚙ DEBUG -> Сообщение от задачи `from_in_to_backup` -> найден новый пакет in2/321123321
[02-02-2024 13:17:26]:⚠ Предупреждение -> Пакет in2/321123321 не скопирован из-за ошибки или потому-что он не указан в правилах
[02-02-2024 13:17:26]:⚙ DEBUG -> Сообщение от задачи `from_in_to_backup` -> найден новый пакет in2/38773995_1 copy
[02-02-2024 13:17:26]:⚠ Предупреждение -> Пакет in2/38773995_1 copy не скопирован из-за ошибки или потому-что он не указан в правилах
[02-02-2024 13:17:26]:⚙ DEBUG -> Сообщение от задачи `from_in_to_backup` -> найден новый пакет in2/70178878_1 copy 17
[02-02-2024 13:17:26]:💬 Информация -> Для задачи `from_in_to_backup` и пакета in2/70178878_1 copy 17 сработало правило source +\w+:uid="b7eaa52a-ea8e-4f6d-9b2b-c774c58f31e5"
[02-02-2024 13:17:26]:💬 Информация -> Успешно распакован архив транспортного пакета out/70178878_1 copy 17/container.edc.zip
[02-02-2024 13:17:26]:💬 Информация -> Задачей `from_in_to_backup` c модификатором copy_only пакет 70178878_1 copy 17 скопирован в out за 0с.
[02-02-2024 13:17:26]:⚙ DEBUG -> Сообщение от задачи `from_backup_to_architector` -> найден новый пакет in/22 copy 3
[02-02-2024 13:17:26]:⚠ Предупреждение -> Пакет in/22 copy 3 не скопирован из-за ошибки или потому-что он не указан в правилах
[02-02-2024 13:17:26]:⚙ DEBUG -> Сообщение от задачи `from_backup_to_architector` -> найден новый пакет in/22 copy 2
[02-02-2024 13:17:26]:⚠ Предупреждение -> Пакет in/22 copy 2 не скопирован из-за ошибки или потому-что он не указан в правилах
[02-02-2024 13:17:26]:⚙ DEBUG -> Сообщение от задачи `from_backup_to_architector` -> найден новый пакет in/22 copy 13
[02-02-2024 13:17:26]:⚠ Предупреждение -> Пакет in/22 copy 13 не скопирован из-за ошибки или потому-что он не указан в правилах
[02-02-2024 13:17:26]:⚙ DEBUG -> Сообщение от задачи `from_backup_to_architector` -> найден новый пакет in/22 copy 14
[02-02-2024 13:17:26]:💬 Информация -> Задачей `from_backup_to_architector` c модификатором copy_all пакет 22 copy 14 скопирован в out за 0с.
[02-02-2024 13:17:26]:⚙ DEBUG -> Сообщение от задачи `from_backup_to_architector` -> найден новый пакет in/22 copy 7
[02-02-2024 13:17:26]:⚠ Предупреждение -> Пакет in/22 copy 7 не скопирован из-за ошибки или потому-что он не указан в правилах
[02-02-2024 13:17:26]:⚙ DEBUG -> Сообщение от задачи `from_in_to_backup` -> найден новый пакет in2/70178878_1 copy 8
[02-02-2024 13:17:26]:💬 Информация -> Для задачи `from_in_to_backup` и пакета in2/70178878_1 copy 8 сработало правило source +\w+:uid="b7eaa52a-ea8e-4f6d-9b2b-c774c58f31e5"
[02-02-2024 13:17:27]:💬 Информация -> Успешно распакован архив транспортного пакета out/70178878_1 copy 8/container.edc.zip
[02-02-2024 13:17:27]:💬 Информация -> Задачей `from_in_to_backup` c модификатором copy_only пакет 70178878_1 copy 8 скопирован в out за 0с.
[02-02-2024 13:17:27]:⚙ DEBUG -> Сообщение от задачи `from_backup_to_architector` -> найден новый пакет in/тест_1
[02-02-2024 13:17:27]:⚠ Предупреждение -> Пакет in/тест_1 не скопирован из-за ошибки или потому-что он не указан в правилах
[02-02-2024 13:17:27]:⚙ DEBUG -> Сообщение от задачи `from_in_to_backup` -> найден новый пакет in2/70178878_1 copy 12
[02-02-2024 13:17:27]:💬 Информация -> Для задачи `from_in_to_backup` и пакета in2/70178878_1 copy 12 сработало правило source +\w+:uid="b7eaa52a-ea8e-4f6d-9b2b-c774c58f31e5"
[02-02-2024 13:17:27]:💬 Информация -> Успешно распакован архив транспортного пакета out/70178878_1 copy 12/container.edc.zip
[02-02-2024 13:17:27]:💬 Информация -> Задачей `from_in_to_backup` c модификатором copy_only пакет 70178878_1 copy 12 скопирован в out за 0с.
[02-02-2024 13:17:27]:⚙ DEBUG -> Сообщение от задачи `from_in_to_backup` -> найден новый пакет in2/70178878_1 copy 7
[02-02-2024 13:17:27]:💬 Информация -> Для задачи `from_in_to_backup` и пакета in2/70178878_1 copy 7 сработало правило source +\w+:uid="b7eaa52a-ea8e-4f6d-9b2b-c774c58f31e5"
[02-02-2024 13:17:27]:💬 Информация -> Успешно распакован архив транспортного пакета out/70178878_1 copy 7/container.edc.zip
[02-02-2024 13:17:27]:💬 Информация -> Задачей `from_in_to_backup` c модификатором copy_only пакет 70178878_1 copy 7 скопирован в out за 0с.
[02-02-2024 13:17:27]:⚙ DEBUG -> Сообщение от задачи `from_in_to_backup` -> найден новый пакет in2/70178878_1
[02-02-2024 13:17:27]:💬 Информация -> Для задачи `from_in_to_backup` и пакета in2/70178878_1 сработало правило source +\w+:uid="b7eaa52a-ea8e-4f6d-9b2b-c774c58f31e5"
[02-02-2024 13:17:27]:⚠ Предупреждение -> Пакет 70178878_1 уже существует по адресу out копирование пакета отменено
[02-02-2024 13:17:27]:⚠ Предупреждение -> Пакет in2/70178878_1 не скопирован из-за ошибки или потому-что он не указан в правилах
[02-02-2024 13:17:27]:⚙ DEBUG -> Сообщение от задачи `from_backup_to_architector` -> найден новый пакет in/new_1
[02-02-2024 13:17:27]:⚠ Предупреждение -> Пакет in/new_1 не скопирован из-за ошибки или потому-что он не указан в правилах
[02-02-2024 13:17:27]:⚙ DEBUG -> Сообщение от задачи `from_backup_to_architector` -> найден новый пакет in/3232
[02-02-2024 13:17:27]:⚠ Предупреждение -> Пакет in/3232 не скопирован из-за ошибки или потому-что он не указан в правилах
[02-02-2024 13:17:27]:⚙ DEBUG -> Сообщение от задачи `from_in_to_backup` -> найден новый пакет in2/38773995_1 copy 3
[02-02-2024 13:17:27]:⚠ Предупреждение -> Пакет in2/38773995_1 copy 3 не скопирован из-за ошибки или потому-что он не указан в правилах
[02-02-2024 13:17:27]:⚙ DEBUG -> Сообщение от задачи `from_in_to_backup` -> найден новый пакет in2/70178878_1 (копия)
[02-02-2024 13:17:27]:💬 Информация -> Для задачи `from_in_to_backup` и пакета in2/70178878_1 (копия) сработало правило source +\w+:uid="b7eaa52a-ea8e-4f6d-9b2b-c774c58f31e5"
[02-02-2024 13:17:27]:⚠ Предупреждение -> Пакет 70178878_1 (копия) уже существует по адресу out копирование пакета отменено
[02-02-2024 13:17:27]:⚠ Предупреждение -> Пакет in2/70178878_1 (копия) не скопирован из-за ошибки или потому-что он не указан в правилах
[02-02-2024 13:17:27]:⚙ DEBUG -> Сообщение от задачи `from_backup_to_architector` -> найден новый пакет in/nest_2folder
[02-02-2024 13:17:27]:⚠ Предупреждение -> Пакет in/nest_2folder не скопирован из-за ошибки или потому-что он не указан в правилах
[02-02-2024 13:17:27]:⚙ DEBUG -> Сообщение от задачи `from_in_to_backup` -> найден новый пакет in2/70178878_1 copy 23
[02-02-2024 13:17:27]:💬 Информация -> Для задачи `from_in_to_backup` и пакета in2/70178878_1 copy 23 сработало правило source +\w+:uid="b7eaa52a-ea8e-4f6d-9b2b-c774c58f31e5"
[02-02-2024 13:17:27]:⚠ Предупреждение -> Пакет 70178878_1 copy 23 уже существует по адресу out копирование пакета отменено
[02-02-2024 13:17:27]:⚠ Предупреждение -> Пакет in2/70178878_1 copy 23 не скопирован из-за ошибки или потому-что он не указан в правилах
[02-02-2024 13:17:27]:⚙ DEBUG -> Сообщение от задачи `from_in_to_backup` -> найден новый пакет in2/70178878_1 copy 13
[02-02-2024 13:17:27]:💬 Информация -> Для задачи `from_in_to_backup` и пакета in2/70178878_1 copy 13 сработало правило source +\w+:uid="b7eaa52a-ea8e-4f6d-9b2b-c774c58f31e5"
[02-02-2024 13:17:27]:⚠ Предупреждение -> Пакет 70178878_1 copy 13 уже существует по адресу out копирование пакета отменено
[02-02-2024 13:17:27]:⚠ Предупреждение -> Пакет in2/70178878_1 copy 13 не скопирован из-за ошибки или потому-что он не указан в правилах
[02-02-2024 13:17:27]:⚙ DEBUG -> Сообщение от задачи `from_backup_to_architector` -> найден новый пакет in/туц_2
[02-02-2024 13:17:27]:⚠ Предупреждение -> Пакет in/туц_2 не скопирован из-за ошибки или потому-что он не указан в правилах
[02-02-2024 13:17:27]:⚙ DEBUG -> Сообщение от задачи `from_in_to_backup` -> найден новый пакет in2/70178878_1 copy 15
[02-02-2024 13:17:27]:💬 Информация -> Для задачи `from_in_to_backup` и пакета in2/70178878_1 copy 15 сработало правило source +\w+:uid="b7eaa52a-ea8e-4f6d-9b2b-c774c58f31e5"
[02-02-2024 13:17:27]:⚠ Предупреждение -> Пакет 70178878_1 copy 15 уже существует по адресу out копирование пакета отменено
[02-02-2024 13:17:27]:⚠ Предупреждение -> Пакет in2/70178878_1 copy 15 не скопирован из-за ошибки или потому-что он не указан в правилах
[02-02-2024 13:17:27]:⚙ DEBUG -> Сообщение от задачи `from_backup_to_architector` -> найден новый пакет in/22 copy 5
[02-02-2024 13:17:27]:⚠ Предупреждение -> Пакет in/22 copy 5 не скопирован из-за ошибки или потому-что он не указан в правилах
[02-02-2024 13:17:27]:⚙ DEBUG -> Сообщение от задачи `from_in_to_backup` -> найден новый пакет in2/2
[02-02-2024 13:17:27]:💬 Информация -> Задача from_backup_to_architector была завершена за 1c., перезапуск задачи через 20c.
[02-02-2024 13:17:27]:💬 Информация -> Задача from_in_to_backup была завершена за 1c., перезапуск задачи через 25c.
[02-02-2024 13:17:27]:💬 Информация -> Для задачи `from_in_to_backup` и пакета in2/2 сработало правило source +\w+:uid="e7df39a2-5ed0-4509-b21b-5816d51d894d"
[02-02-2024 13:17:27]:⚠ Предупреждение -> Пакет 2 уже существует по адресу out копирование пакета отменено
[02-02-2024 13:17:27]:⚠ Предупреждение -> Пакет in2/2 не скопирован из-за ошибки или потому-что он не указан в правилах
[02-02-2024 13:17:27]:⚙ DEBUG -> Сообщение от задачи `from_backup_to_architector` -> найден новый пакет in/two (копия) copy 3
[02-02-2024 13:17:27]:⚠ Предупреждение -> Пакет in/two (копия) copy 3 не скопирован из-за ошибки или потому-что он не указан в правилах
[02-02-2024 13:17:27]:⚙ DEBUG -> Сообщение от задачи `from_in_to_backup` -> найден новый пакет in2/70178878_1 copy 3
[02-02-2024 13:17:27]:💬 Информация -> Для задачи `from_in_to_backup` и пакета in2/70178878_1 copy 3 сработало правило source +\w+:uid="b7eaa52a-ea8e-4f6d-9b2b-c774c58f31e5"
[02-02-2024 13:17:27]:💬 Информация -> Успешно распакован архив транспортного пакета out/70178878_1 copy 3/container.edc.zip
[02-02-2024 13:17:27]:💬 Информация -> Задачей `from_in_to_backup` c модификатором copy_only пакет 70178878_1 copy 3 скопирован в out за 0с.
[02-02-2024 13:17:27]:⚙ DEBUG -> Сообщение от задачи `from_backup_to_architector` -> найден новый пакет in/two (копия) copy 2
[02-02-2024 13:17:27]:⚠ Предупреждение -> Пакет in/two (копия) copy 2 не скопирован из-за ошибки или потому-что он не указан в правилах
[02-02-2024 13:17:27]:⚙ DEBUG -> Сообщение от задачи `from_backup_to_architector` -> найден новый пакет in/new_folder_in_in
[02-02-2024 13:17:27]:⚠ Предупреждение -> Пакет in/new_folder_in_in не скопирован из-за ошибки или потому-что он не указан в правилах
[02-02-2024 13:17:27]:⚙ DEBUG -> Сообщение от задачи `from_in_to_backup` -> найден новый пакет in2/in2_new_folder
[02-02-2024 13:17:27]:⚠ Предупреждение -> Пакет in2/in2_new_folder не скопирован из-за ошибки или потому-что он не указан в правилах
[02-02-2024 13:17:27]:⚙ DEBUG -> Сообщение от задачи `from_backup_to_architector` -> найден новый пакет in/in1_1
[02-02-2024 13:17:27]:⚠ Предупреждение -> Пакет in/in1_1 не скопирован из-за ошибки или потому-что он не указан в правилах
[02-02-2024 13:17:27]:⚙ DEBUG -> Сообщение от задачи `from_in_to_backup` -> найден новый пакет in2/70178878_1 copy 16
[02-02-2024 13:17:27]:💬 Информация -> Для задачи `from_in_to_backup` и пакета in2/70178878_1 copy 16 сработало правило source +\w+:uid="b7eaa52a-ea8e-4f6d-9b2b-c774c58f31e5"
[02-02-2024 13:17:27]:⚠ Предупреждение -> Пакет 70178878_1 copy 16 уже существует по адресу out копирование пакета отменено
[02-02-2024 13:17:27]:⚠ Предупреждение -> Пакет in2/70178878_1 copy 16 не скопирован из-за ошибки или потому-что он не указан в правилах
[02-02-2024 13:17:27]:⚙ DEBUG -> Сообщение от задачи `from_in_to_backup` -> найден новый пакет in2/70178878_1 copy 21
[02-02-2024 13:17:27]:💬 Информация -> Для задачи `from_in_to_backup` и пакета in2/70178878_1 copy 21 сработало правило source +\w+:uid="b7eaa52a-ea8e-4f6d-9b2b-c774c58f31e5"
[02-02-2024 13:17:27]:⚠ Предупреждение -> Пакет 70178878_1 copy 21 уже существует по адресу out копирование пакета отменено
[02-02-2024 13:17:27]:⚠ Предупреждение -> Пакет in2/70178878_1 copy 21 не скопирован из-за ошибки или потому-что он не указан в правилах
[02-02-2024 13:17:27]:⚙ DEBUG -> Сообщение от задачи `from_in_to_backup` -> найден новый пакет in2/70178878_1 copy 14
[02-02-2024 13:17:27]:💬 Информация -> Для задачи `from_in_to_backup` и пакета in2/70178878_1 copy 14 сработало правило source +\w+:uid="b7eaa52a-ea8e-4f6d-9b2b-c774c58f31e5"
[02-02-2024 13:17:27]:⚠ Предупреждение -> Пакет 70178878_1 copy 14 уже существует по адресу out копирование пакета отменено
[02-02-2024 13:17:27]:⚠ Предупреждение -> Пакет in2/70178878_1 copy 14 не скопирован из-за ошибки или потому-что он не указан в правилах
[02-02-2024 13:18:07]:⚙ DEBUG -> Сообщение от задачи `from_backup_to_architector` -> найден новый пакет in/22 copy 15
[02-02-2024 13:18:07]:💬 Информация -> Задачей `from_backup_to_architector` c модификатором copy_all пакет 22 copy 15 скопирован в out за 0с.
[02-02-2024 13:18:07]:💬 Информация -> Задача from_backup_to_architector была завершена за 0c., перезапуск задачи через 20c.
[02-02-2024 13:18:42]:⚙ DEBUG -> Сообщение от задачи `from_in_to_backup` -> найден новый пакет in2/38773995_1 copy 7
[02-02-2024 13:18:42]:⚠ Предупреждение -> Пакет in2/38773995_1 copy 7 не скопирован из-за ошибки или потому-что он не указан в правилах
[02-02-2024 13:18:42]:💬 Информация -> Задача from_in_to_backup была завершена за 0c., перезапуск задачи через 25c.
[02-02-2024 13:21:20]:❌ Ошибка -> Неверный формат файла `/hard/xar/projects/rust/copy_from_in/settings.json` trailing comma at line 23 column 9
[02-02-2024 13:21:42]:❌ Ошибка -> Неверный формат файла `/hard/xar/projects/rust/copy_from_in/settings.json` missing field `rules` at line 22 column 9
[02-02-2024 13:24:08]:⚙ DEBUG -> Сообщение от задачи `from_in_to_backup` -> найден новый пакет in2/38773995_1 copy 8
[02-02-2024 13:24:08]:💬 Информация -> Успешно распакован архив транспортного пакета out/38773995_1 copy 8/container.zip
[02-02-2024 13:24:08]:💬 Информация -> Задачей `from_in_to_backup` c модификатором copy_all пакет 38773995_1 copy 8 скопирован в out за 0с.
[02-02-2024 13:24:08]:💬 Информация -> Задача from_in_to_backup была завершена за 0c., перезапуск задачи через 15c.
[02-02-2024 13:24:33]:⚙ DEBUG -> Сообщение от задачи `from_backup_to_architector` -> найден новый пакет in/3232 copy
[02-02-2024 13:24:33]:💬 Информация -> Задачей `from_backup_to_architector` c модификатором copy_all пакет 3232 copy скопирован в out за 0с.
[02-02-2024 13:24:34]:💬 Информация -> Задача from_backup_to_architector была завершена за 0c., перезапуск задачи через 20c.
[02-02-2024 13:25:39]:⚙ DEBUG -> Сообщение от задачи `from_in_to_backup` -> найден новый пакет in2/321123321 copy 2
[02-02-2024 13:25:39]:⚠ Предупреждение -> Пакет in2/321123321 copy 2 не скопирован из-за ошибки или потому-что он не указан в правилах
[02-02-2024 13:25:39]:💬 Информация -> Задача from_in_to_backup была завершена за 0c., перезапуск задачи через 15c.
[02-02-2024 13:43:12]:⚙ DEBUG -> Сообщение от задачи `from_in_to_backup` -> найден новый пакет in2/70178878_1 copy 25
[02-02-2024 13:43:12]:💬 Информация -> Задача from_in_to_backup была завершена за 0c., перезапуск задачи через 15c.
[02-02-2024 13:43:12]:💬 Информация -> Успешно распакован архив транспортного пакета out/70178878_1 copy 25/container.edc.zip
[02-02-2024 13:43:12]:💬 Информация -> Задачей `from_in_to_backup` c модификатором copy_all пакет 70178878_1 copy 25 скопирован в out за 0с.
[02-02-2024 14:27:29]:❌ Ошибка -> Неверный формат файла `/hard/xar/projects/rust/copy_from_in/test_settings.json` expected value at line 1 column 1
[02-02-2024 14:28:37]:❌ Ошибка -> Неверный формат файла `/hard/xar/projects/rust/copy_from_in/test_settings.json` expected value at line 1 column 1
[02-02-2024 14:28:42]:❌ Ошибка -> Неверный формат файла `/hard/xar/projects/rust/copy_from_in/test_settings.json` expected value at line 1 column 1
[02-02-2024 14:35:57]:❌ Ошибка -> Неверный формат файла `/hard/xar/projects/rust/copy_from_in/test_settings.json` expected value at line 1 column 1
[02-02-2024 14:36:59]:❌ Ошибка -> Неверный формат файла `/hard/xar/projects/rust/copy_from_in/test_settings.json` expected value at line 1 column 1
[02-02-2024 14:42:29]:❌ Ошибка -> Неверный формат файла `/hard/xar/projects/rust/copy_from_in/test_settings.json` expected value at line 1 column 1
[02-02-2024 14:42:33]:❌ Ошибка -> Неверный формат файла `/hard/xar/projects/rust/copy_from_in/test_settings.json` expected value at line 1 column 1
[02-02-2024 14:42:59]:❌ Ошибка -> Неверный формат файла `/hard/xar/projects/rust/copy_from_in/test_settings.json` expected value at line 1 column 1
[02-02-2024 14:44:39]:❌ Ошибка -> Ошибка, директории `F:\IN_BACKUP` не существует
[02-02-2024 14:45:33]:❌ Ошибка -> Ошибка, директории `F:\IN_BACKUP` не существует
[02-02-2024 14:46:10]:❌ Ошибка -> Ошибка, директории `F:\IN_BACKUP` не существует
