[08-02-2024 10:50:20]:❌ Ошибка -> Ошибка десериализации файла настроек, выход из программы...
[08-02-2024 11:46:57]:❌ Ошибка -> Ошибка настроек в поле source_directory -> Директория/test_data/in в задаче from_backup_to_architector не существует!
[08-02-2024 11:46:57]:❌ Ошибка -> Ошибка настроек в поле target_directory -> Директория /test_data/out в задаче from_backup_to_architector не существует!
[08-02-2024 11:46:57]:❌ Ошибка -> Ошибка настроек в поле source_directory -> Директория/test_data/in2 в задаче from_in_to_backup не существует!
[08-02-2024 11:46:57]:❌ Ошибка -> Ошибка настроек в поле target_directory -> Директория /test_data/out в задаче from_in_to_backup не существует!
[08-02-2024 11:46:57]:❌ Ошибка -> Ошибка десериализации файла настроек, выход из программы...
[08-02-2024 12:44:23]:⚙ DEBUG -> Сообщение от задачи `from_backup_to_architector` -> найден новый пакет test_data/in/22 copy 19
[08-02-2024 12:44:23]:💬 Информация -> Задачей `from_backup_to_architector` c модификатором copy_all пакет 22 copy 19 скопирован в test_data/out/22 copy 19 за 0с.
[08-02-2024 12:44:23]:💬 Информация -> Поступил новый документ! 22 copy 19 NewPacketInfo { document: Some(NewDocument { organization: None, doc_type: None, number: None, sign_date: None, name: "22 copy 19", parse_time: "2024-02-08T12:44:23" }), error: None }
[08-02-2024 12:44:23]:💬 Информация -> Задача from_backup_to_architector была завершена за 0c., перезапуск задачи через 15c.
[08-02-2024 12:46:02]:⚙ DEBUG -> Сообщение от задачи `from_in_to_backup` -> найден новый пакет test_data/in2/38773995_1 copy 10
[08-02-2024 12:46:02]:💬 Информация -> Задачей `from_in_to_backup` c модификатором copy_all пакет 38773995_1 copy 10 скопирован в test_data/out/38773995_1 copy 10 за 0с.
[08-02-2024 12:46:02]:💬 Информация -> Поступил новый документ! 38773995_1 copy 10 NewPacketInfo { document: Some(NewDocument { organization: None, doc_type: None, number: None, sign_date: None, name: "38773995_1 copy 10", parse_time: "2024-02-08T12:46:02" }), error: None }
[08-02-2024 12:46:02]:💬 Информация -> Задача from_in_to_backup была завершена за 0c., перезапуск задачи через 12c.
[08-02-2024 12:46:38]:⚙ DEBUG -> Сообщение от задачи `from_in_to_backup` -> найден новый пакет test_data/in2/38773995_1 copy 11
[08-02-2024 12:46:38]:💬 Информация -> Задачей `from_in_to_backup` c модификатором copy_all пакет 38773995_1 copy 11 скопирован в test_data/out/38773995_1 copy 11 за 0с.
[08-02-2024 12:46:38]:💬 Информация -> Поступил новый документ! 38773995_1 copy 11 NewPacketInfo { document: Some(NewDocument { organization: None, doc_type: None, number: None, sign_date: None, name: "38773995_1 copy 11", parse_time: "2024-02-08T12:46:38" }), error: None }
[08-02-2024 12:46:38]:💬 Информация -> Задача from_in_to_backup была завершена за 0c., перезапуск задачи через 12c.
[08-02-2024 12:55:17]:⚙ DEBUG -> Сообщение от задачи `from_in_to_backup` -> найден новый пакет test_data/in2/38773995_1 copy 12
[08-02-2024 12:55:18]:💬 Информация -> Задачей `from_in_to_backup` c модификатором copy_all пакет 38773995_1 copy 12 скопирован в test_data/out/38773995_1 copy 12 за 0с.
[08-02-2024 12:55:18]:💬 Информация -> Поступил новый документ! 38773995_1 copy 12 NewPacketInfo { document: Some(NewDocument { organization: None, doc_type: None, number: None, sign_date: None, name: "38773995_1 copy 12", parse_time: "2024-02-08T12:55:18" }), error: None }
[08-02-2024 12:55:18]:💬 Информация -> Задача from_in_to_backup была завершена за 0c., перезапуск задачи через 12c.
[08-02-2024 13:01:09]:⚙ DEBUG -> Сообщение от задачи `from_in_to_backup` -> найден новый пакет test_data/in2/38773995_1 copy 13
[08-02-2024 13:01:09]:💬 Информация -> Задача from_in_to_backup была завершена за 0c., перезапуск задачи через 12c.
[08-02-2024 13:01:09]:💬 Информация -> Обработан файл test_data/in2/38773995_1 copy 13/document.xml
[08-02-2024 13:01:09]:❌ Ошибка -> Ошибка обработки пакета test_data/in2/38773995_1 copy 13 -> Файл test_data/in2/38773995_1 copy 13/document.edc.zip не существует в текущей директории
[08-02-2024 13:01:09]:💬 Информация -> Поступил новый документ! Ошибка обработки пакета test_data/in2/38773995_1 copy 13 -> Файл test_data/in2/38773995_1 copy 13/document.edc.zip не существует в текущей директории NewPacketInfo { document: None, error: Some("Ошибка обработки пакета test_data/in2/38773995_1 copy 13 -> Файл test_data/in2/38773995_1 copy 13/document.edc.zip не существует в текущей директории") }
[08-02-2024 13:02:22]:⚙ DEBUG -> Сообщение от задачи `from_in_to_backup` -> найден новый пакет test_data/in2/38773995_1 copy 14
[08-02-2024 13:02:22]:💬 Информация -> Обработан файл test_data/in2/38773995_1 copy 14/document.xml
[08-02-2024 13:02:22]:💬 Информация -> Задача from_in_to_backup была завершена за 0c., перезапуск задачи через 12c.
[08-02-2024 13:02:22]:❌ Ошибка -> Ошибка обработки пакета test_data/in2/38773995_1 copy 14 -> Файл test_data/in2/38773995_1 copy 14/document.edc.zip не существует в текущей директории
[08-02-2024 13:02:22]:💬 Информация -> Поступил новый документ! Ошибка обработки пакета test_data/in2/38773995_1 copy 14 -> Файл test_data/in2/38773995_1 copy 14/document.edc.zip не существует в текущей директории NewPacketInfo { document: None, error: Some("Ошибка обработки пакета test_data/in2/38773995_1 copy 14 -> Файл test_data/in2/38773995_1 copy 14/document.edc.zip не существует в текущей директории") }
[08-02-2024 13:02:46]:⚙ DEBUG -> Сообщение от задачи `from_in_to_backup` -> найден новый пакет test_data/in2/38773995_1 copy 15
[08-02-2024 13:02:46]:💬 Информация -> Обработан файл test_data/in2/38773995_1 copy 15/document.xml
[08-02-2024 13:02:46]:💬 Информация -> Задача from_in_to_backup была завершена за 0c., перезапуск задачи через 12c.
[08-02-2024 13:02:46]:💬 Информация -> unzip container test_data/in2/38773995_1 copy 15/container.zip
[08-02-2024 13:02:46]:💬 Информация -> Обработан файл test_data/in2/38773995_1 copy 15/container/passport.xml
[08-02-2024 13:02:46]:💬 Информация -> Задачей `from_in_to_backup` c модификатором copy_only пакет 38773995_1 copy 15 скопирован в test_data/out/38773995_1 copy 15 за 0с.
[08-02-2024 13:02:46]:💬 Информация -> Поступил новый документ! 38773995_1 copy 15 NewPacketInfo { document: Some(NewDocument { organization: Some("Министерство Российской Федерации по развитию Дальнего Востока и Арктики"), doc_type: Some("Служебное письмо Аппарата Правительства Российской Федерации"), number: Some("ПВ-00-14/11756"), sign_date: Some("2022-08-16"), name: "38773995_1 copy 15", parse_time: "2024-02-08T13:02:46" }), error: None }
