[15-02-2024 10:42:45]:⚙ DEBUG -> Сообщение от задачи `from_in_to_backup` -> найден новый пакет in2/100037865 copy 2
[15-02-2024 10:42:45]:💬 Информация -> Задача from_in_to_backup была завершена за 0c., перезапуск задачи через 15c.
[15-02-2024 10:42:45]:💬 Информация -> Задачей `from_in_to_backup` c модификатором copy_all пакет 100037865 copy 2 скопирован в out за 0с.
[15-02-2024 10:43:30]:⚙ DEBUG -> Сообщение от задачи `from_in_to_backup` -> найден новый пакет in2/100047887
[15-02-2024 10:43:30]:⚠ Предупреждение -> Пакет in2/100047887 не скопирован из-за ошибки или потому-что он не указан в правилах
[15-02-2024 10:43:30]:⚙ DEBUG -> Сообщение от задачи `from_in_to_backup` -> найден новый пакет in2/100386473
[15-02-2024 10:43:30]:💬 Информация -> Задачей `from_in_to_backup` c модификатором copy_all пакет 100386473 скопирован в out за 0с.
[15-02-2024 10:43:30]:⚙ DEBUG -> Сообщение от задачи `from_in_to_backup` -> найден новый пакет in2/100294344
[15-02-2024 10:43:30]:💬 Информация -> Задачей `from_in_to_backup` c модификатором copy_all пакет 100294344 скопирован в out за 0с.
[15-02-2024 10:43:30]:⚙ DEBUG -> Сообщение от задачи `from_in_to_backup` -> найден новый пакет in2/100294339
[15-02-2024 10:43:30]:💬 Информация -> Задачей `from_in_to_backup` c модификатором copy_all пакет 100294339 скопирован в out за 0с.
[15-02-2024 10:43:30]:⚙ DEBUG -> Сообщение от задачи `from_in_to_backup` -> найден новый пакет in2/100261701
[15-02-2024 10:43:30]:💬 Информация -> Задачей `from_in_to_backup` c модификатором copy_all пакет 100261701 скопирован в out за 0с.
[15-02-2024 10:43:30]:⚙ DEBUG -> Сообщение от задачи `from_in_to_backup` -> найден новый пакет in2/100453371
[15-02-2024 10:43:30]:💬 Информация -> Задачей `from_in_to_backup` c модификатором copy_all пакет 100453371 скопирован в out за 0с.
[15-02-2024 10:43:30]:⚙ DEBUG -> Сообщение от задачи `from_in_to_backup` -> найден новый пакет in2/100240733
[15-02-2024 10:43:30]:💬 Информация -> Задачей `from_in_to_backup` c модификатором copy_all пакет 100240733 скопирован в out за 0с.
[15-02-2024 10:43:30]:⚙ DEBUG -> Сообщение от задачи `from_in_to_backup` -> найден новый пакет in2/100316829
[15-02-2024 10:43:30]:💬 Информация -> Задачей `from_in_to_backup` c модификатором copy_all пакет 100316829 скопирован в out за 0с.
[15-02-2024 10:43:30]:💬 Информация -> Задача from_in_to_backup была завершена за 0c., перезапуск задачи через 15c.
[15-02-2024 11:01:50]:⚙ DEBUG -> Сообщение от задачи `from_in_to_backup` -> найден новый пакет in2/100316829 copy
[15-02-2024 11:01:50]:💬 Информация -> Задачей `from_in_to_backup` c модификатором copy_all пакет 100316829 copy скопирован в out за 0с.
[15-02-2024 11:01:50]:💬 Информация -> Задача from_in_to_backup была завершена за 0c., перезапуск задачи через 15c.
[15-02-2024 11:02:35]:⚙ DEBUG -> Сообщение от задачи `from_in_to_backup` -> найден новый пакет in2/квит
[15-02-2024 11:02:35]:❌ Ошибка -> Пакет in2/квит не скопирован, тип пакета xdms:type не соответсвует regex из настрек прграммы [a-z0-9]+:type="((Транспортный\s+контейнер)|(Документ))"
[15-02-2024 11:02:35]:💬 Информация -> Задача from_in_to_backup была завершена за 0c., перезапуск задачи через 15c.
[15-02-2024 11:06:21]:⚙ DEBUG -> Сообщение от задачи `from_in_to_backup` -> найден новый пакет in2/100453371 copy
[15-02-2024 11:06:21]:💬 Информация -> Задачей `from_in_to_backup` c модификатором copy_all пакет 100453371 copy скопирован в out за 0с.
[15-02-2024 11:06:21]:💬 Информация -> Задача from_in_to_backup была завершена за 0c., перезапуск задачи через 15c.
[15-02-2024 11:06:51]:⚙ DEBUG -> Сообщение от задачи `from_in_to_backup` -> найден новый пакет in2/100453371 copy 2
[15-02-2024 11:06:51]:❌ Ошибка -> Пакет in2/100453371 copy 2 не скопирован, в директории не обнаружены файлы с расширением .xml или .rc
[15-02-2024 11:06:51]:❌ Ошибка -> Пакет in2/100453371 copy 2 не скопирован, тип пакета xdms:type не соответсвует regex из настрек прграммы [a-z0-9]+:type="((Транспортный\s+контейнер)|(Документ))"
[15-02-2024 11:06:51]:💬 Информация -> Задача from_in_to_backup была завершена за 0c., перезапуск задачи через 15c.
[15-02-2024 11:25:11]:⚙ DEBUG -> Сообщение от задачи `from_backup_to_architector` -> найден новый пакет in/100037865_new
[15-02-2024 11:25:11]:❌ Ошибка -> Пакет in/100037865_new не скопирован, ни одно из указанных в настройках правил для задачи from_backup_to_architector не сработало
[15-02-2024 11:25:11]:⚠ Предупреждение -> Пакет in/100037865_new не скопирован потому-что он не указан в правилах
[15-02-2024 11:25:11]:💬 Информация -> Задача from_backup_to_architector была завершена за 0c., перезапуск задачи через 20c.
[15-02-2024 11:27:48]:⚙ DEBUG -> Сообщение от задачи `from_backup_to_architector` -> найден новый пакет in/100037865_new_1
[15-02-2024 11:27:48]:💬 Информация -> Для задачи `from_backup_to_architector` и пакета in/100037865_new_1 правило source +[a-z0-9]+:uid="7c960fc6-2745-4655-80eb-fed1a7905325" корректно
[15-02-2024 11:27:48]:💬 Информация -> Задачей `from_backup_to_architector` c модификатором copy_only пакет 100037865_new_1 скопирован в out за 0с.
[15-02-2024 11:27:48]:💬 Информация -> Задача from_backup_to_architector была завершена за 0c., перезапуск задачи через 20c.
