[09-02-2024 22:32:51]:❌ Ошибка -> Ошибка очистки пакета 22 copy 10 -> Ошибка обработки транспотртного пакета ../test_data/in/22 copy 10, текущей парсер не может обрабатывать поступившие файлы, необходимо обратиться к администратору
[09-02-2024 22:32:51]:❌ Ошибка -> Ошибка очистки пакета 22 copy 11 -> Ошибка обработки транспотртного пакета ../test_data/in/22 copy 11, текущей парсер не может обрабатывать поступившие файлы, необходимо обратиться к администратору
[09-02-2024 22:32:51]:❌ Ошибка -> Ошибка очистки пакета 22 copy 12 -> Ошибка обработки транспотртного пакета ../test_data/in/22 copy 12, текущей парсер не может обрабатывать поступившие файлы, необходимо обратиться к администратору
[09-02-2024 22:32:51]:❌ Ошибка -> Ошибка очистки пакета 22 copy 13 -> Ошибка обработки транспотртного пакета ../test_data/in/22 copy 13, текущей парсер не может обрабатывать поступившие файлы, необходимо обратиться к администратору
[09-02-2024 22:32:52]:❌ Ошибка -> Ошибка очистки пакета 22 copy 14 -> Ошибка разбора файла rc: ../test_data/in/22 copy 14/123.rc, Expecting `Event::Start`
[09-02-2024 22:32:52]:❌ Ошибка -> Ошибка очистки пакета 22 copy 15 -> Ошибка разбора файла rc: ../test_data/in/22 copy 15/123.rc, Expecting `Event::Start`
[09-02-2024 22:32:52]:❌ Ошибка -> Ошибка очистки пакета 22 copy 16 -> Ошибка разбора файла rc: ../test_data/in/22 copy 16/123.rc, Expecting `Event::Start`
[09-02-2024 22:32:52]:❌ Ошибка -> Ошибка очистки пакета 22 copy 17 -> Ошибка обработки транспотртного пакета ../test_data/in/22 copy 17, текущей парсер не может обрабатывать поступившие файлы, необходимо обратиться к администратору
[09-02-2024 22:32:52]:❌ Ошибка -> Ошибка очистки пакета 22 copy 18 -> Ошибка обработки транспотртного пакета ../test_data/in/22 copy 18, текущей парсер не может обрабатывать поступившие файлы, необходимо обратиться к администратору
[09-02-2024 22:32:52]:❌ Ошибка -> Ошибка очистки пакета 22 copy 19 -> Ошибка разбора файла rc: ../test_data/in/22 copy 19/123.rc, Expecting `Event::Start`
[09-02-2024 22:32:52]:❌ Ошибка -> Ошибка очистки пакета 22 copy 2 -> Ошибка обработки транспотртного пакета ../test_data/in/22 copy 2, текущей парсер не может обрабатывать поступившие файлы, необходимо обратиться к администратору
[09-02-2024 22:32:52]:❌ Ошибка -> Ошибка очистки пакета 22 copy 3 -> Ошибка обработки транспотртного пакета ../test_data/in/22 copy 3, текущей парсер не может обрабатывать поступившие файлы, необходимо обратиться к администратору
[09-02-2024 22:32:52]:❌ Ошибка -> Ошибка очистки пакета 22 copy 4 -> Ошибка обработки транспотртного пакета ../test_data/in/22 copy 4, текущей парсер не может обрабатывать поступившие файлы, необходимо обратиться к администратору
[09-02-2024 22:32:52]:❌ Ошибка -> Ошибка очистки пакета 22 copy 5 -> Ошибка обработки транспотртного пакета ../test_data/in/22 copy 5, текущей парсер не может обрабатывать поступившие файлы, необходимо обратиться к администратору
[09-02-2024 22:32:52]:❌ Ошибка -> Ошибка очистки пакета 22 copy 6 -> Ошибка обработки транспотртного пакета ../test_data/in/22 copy 6, текущей парсер не может обрабатывать поступившие файлы, необходимо обратиться к администратору
[09-02-2024 22:32:52]:❌ Ошибка -> Ошибка очистки пакета 22 copy 7 -> Ошибка обработки транспотртного пакета ../test_data/in/22 copy 7, текущей парсер не может обрабатывать поступившие файлы, необходимо обратиться к администратору
[09-02-2024 22:32:52]:❌ Ошибка -> Ошибка очистки пакета 22 copy 8 -> Ошибка обработки транспотртного пакета ../test_data/in/22 copy 8, текущей парсер не может обрабатывать поступившие файлы, необходимо обратиться к администратору
[09-02-2024 22:32:52]:❌ Ошибка -> Ошибка очистки пакета 22 copy 9 -> Ошибка обработки транспотртного пакета ../test_data/in/22 copy 9, текущей парсер не может обрабатывать поступившие файлы, необходимо обратиться к администратору
[09-02-2024 22:32:52]:❌ Ошибка -> Ошибка очистки пакета 22 copy -> Ошибка разбора файла rc: ../test_data/in/22 copy/123.rc, Expecting `Event::Start`
[09-02-2024 22:32:52]:❌ Ошибка -> Ошибка очистки пакета 22 -> Ошибка обработки транспотртного пакета ../test_data/in/22, текущей парсер не может обрабатывать поступившие файлы, необходимо обратиться к администратору
[09-02-2024 22:32:52]:💬 Информация -> Обработан файл ../test_data/in/38773995_1 copy 6/document.xml
[09-02-2024 22:32:52]:❌ Ошибка -> Ошибка очистки пакета 38773995_1 copy 6 -> Файл ../test_data/in/38773995_1 copy 6/document.edc.zip не существует в текущей директории
[09-02-2024 22:32:52]:💬 Информация -> Обработан файл ../test_data/in/38773995_1 copy 7/document.xml
[09-02-2024 22:32:52]:❌ Ошибка -> Ошибка очистки пакета 38773995_1 copy 7 -> Файл ../test_data/in/38773995_1 copy 7/document.edc.zip не существует в текущей директории
[09-02-2024 22:32:52]:💬 Информация -> Обработан файл ../test_data/in/38773995_1/document.xml
[09-02-2024 22:32:52]:❌ Ошибка -> Ошибка очистки пакета 38773995_1 -> Файл ../test_data/in/38773995_1/document.edc.zip не существует в текущей директории
[09-02-2024 22:32:52]:💬 Информация -> Обработан файл ../test_data/in/38773995_1_1_unzip/document.xml
[09-02-2024 22:32:52]:❌ Ошибка -> Ошибка очистки пакета 38773995_1_1_unzip -> Файл ../test_data/in/38773995_1_1_unzip/document.edc.zip не существует в текущей директории
[09-02-2024 22:32:52]:❌ Ошибка -> Ошибка очистки пакета 432 -> Ошибка обработки транспотрного пакета ../test_data/in/432, в текущей директории отсутсвуют файлы (есть директории), необходимо обратиться к администратору
[09-02-2024 22:32:52]:❌ Ошибка -> Ошибка очистки пакета two (копия) copy 2 -> Ошибка обработки транспотртного пакета ../test_data/in/two (копия) copy 2, текущей парсер не может обрабатывать поступившие файлы, необходимо обратиться к администратору
[09-02-2024 22:32:52]:❌ Ошибка -> Ошибка очистки пакета two (копия) copy 3 -> Ошибка обработки транспотртного пакета ../test_data/in/two (копия) copy 3, текущей парсер не может обрабатывать поступившие файлы, необходимо обратиться к администратору
[09-02-2024 22:32:52]:❌ Ошибка -> Ошибка очистки пакета two (копия) copy -> Ошибка обработки транспотртного пакета ../test_data/in/two (копия) copy, текущей парсер не может обрабатывать поступившие файлы, необходимо обратиться к администратору
[09-02-2024 22:32:52]:❌ Ошибка -> Ошибка очистки пакета two (копия) -> Ошибка обработки транспотртного пакета ../test_data/in/two (копия), текущей парсер не может обрабатывать поступившие файлы, необходимо обратиться к администратору
[09-02-2024 22:32:52]:❌ Ошибка -> Ошибка очистки пакета two -> Ошибка обработки транспотртного пакета ../test_data/in/two, текущей парсер не может обрабатывать поступившие файлы, необходимо обратиться к администратору
[09-02-2024 22:32:52]:❌ Ошибка -> Ошибка очистки пакета тест_1 copy -> Ошибка обработки транспотрного пакета ../test_data/in/тест_1 copy, в текущей директории отсутсвуют файлы (есть директории), необходимо обратиться к администратору
[09-02-2024 22:32:52]:❌ Ошибка -> Ошибка очистки пакета тест_1 -> Ошибка обработки транспотрного пакета ../test_data/in/тест_1, в текущей директории отсутсвуют файлы (есть директории), необходимо обратиться к администратору
[09-02-2024 23:14:47]:❌ Ошибка -> Ошибка очистки пакета 22 copy 10 -> Ошибка обработки транспотртного пакета ../test_data/in/22 copy 10, текущей парсер не может обрабатывать поступившие файлы, необходимо обратиться к администратору
[09-02-2024 23:14:47]:❌ Ошибка -> Ошибка очистки пакета 22 copy 11 -> Ошибка обработки транспотртного пакета ../test_data/in/22 copy 11, текущей парсер не может обрабатывать поступившие файлы, необходимо обратиться к администратору
[09-02-2024 23:14:47]:❌ Ошибка -> Ошибка очистки пакета 22 copy 12 -> Ошибка обработки транспотртного пакета ../test_data/in/22 copy 12, текущей парсер не может обрабатывать поступившие файлы, необходимо обратиться к администратору
[09-02-2024 23:14:47]:❌ Ошибка -> Ошибка очистки пакета 22 copy 13 -> Ошибка обработки транспотртного пакета ../test_data/in/22 copy 13, текущей парсер не может обрабатывать поступившие файлы, необходимо обратиться к администратору
[09-02-2024 23:14:47]:❌ Ошибка -> Ошибка очистки пакета 22 copy 14 -> Ошибка разбора файла rc: ../test_data/in/22 copy 14/123.rc, Expecting `Event::Start`
[09-02-2024 23:14:47]:❌ Ошибка -> Ошибка очистки пакета 22 copy 15 -> Ошибка разбора файла rc: ../test_data/in/22 copy 15/123.rc, Expecting `Event::Start`
[09-02-2024 23:14:47]:❌ Ошибка -> Ошибка очистки пакета 22 copy 16 -> Ошибка разбора файла rc: ../test_data/in/22 copy 16/123.rc, Expecting `Event::Start`
[09-02-2024 23:14:47]:❌ Ошибка -> Ошибка очистки пакета 22 copy 17 -> Ошибка обработки транспотртного пакета ../test_data/in/22 copy 17, текущей парсер не может обрабатывать поступившие файлы, необходимо обратиться к администратору
[09-02-2024 23:14:47]:❌ Ошибка -> Ошибка очистки пакета 22 copy 18 -> Ошибка обработки транспотртного пакета ../test_data/in/22 copy 18, текущей парсер не может обрабатывать поступившие файлы, необходимо обратиться к администратору
[09-02-2024 23:14:47]:❌ Ошибка -> Ошибка очистки пакета 22 copy 19 -> Ошибка разбора файла rc: ../test_data/in/22 copy 19/123.rc, Expecting `Event::Start`
[09-02-2024 23:14:47]:❌ Ошибка -> Ошибка очистки пакета 22 copy 2 -> Ошибка обработки транспотртного пакета ../test_data/in/22 copy 2, текущей парсер не может обрабатывать поступившие файлы, необходимо обратиться к администратору
[09-02-2024 23:14:47]:❌ Ошибка -> Ошибка очистки пакета 22 copy 3 -> Ошибка обработки транспотртного пакета ../test_data/in/22 copy 3, текущей парсер не может обрабатывать поступившие файлы, необходимо обратиться к администратору
[09-02-2024 23:14:47]:❌ Ошибка -> Ошибка очистки пакета 22 copy 4 -> Ошибка обработки транспотртного пакета ../test_data/in/22 copy 4, текущей парсер не может обрабатывать поступившие файлы, необходимо обратиться к администратору
[09-02-2024 23:14:47]:❌ Ошибка -> Ошибка очистки пакета 22 copy 5 -> Ошибка обработки транспотртного пакета ../test_data/in/22 copy 5, текущей парсер не может обрабатывать поступившие файлы, необходимо обратиться к администратору
[09-02-2024 23:14:47]:❌ Ошибка -> Ошибка очистки пакета 22 copy 6 -> Ошибка обработки транспотртного пакета ../test_data/in/22 copy 6, текущей парсер не может обрабатывать поступившие файлы, необходимо обратиться к администратору
[09-02-2024 23:14:47]:❌ Ошибка -> Ошибка очистки пакета 22 copy 7 -> Ошибка обработки транспотртного пакета ../test_data/in/22 copy 7, текущей парсер не может обрабатывать поступившие файлы, необходимо обратиться к администратору
[09-02-2024 23:14:47]:❌ Ошибка -> Ошибка очистки пакета 22 copy 8 -> Ошибка обработки транспотртного пакета ../test_data/in/22 copy 8, текущей парсер не может обрабатывать поступившие файлы, необходимо обратиться к администратору
[09-02-2024 23:14:47]:❌ Ошибка -> Ошибка очистки пакета 22 copy 9 -> Ошибка обработки транспотртного пакета ../test_data/in/22 copy 9, текущей парсер не может обрабатывать поступившие файлы, необходимо обратиться к администратору
[09-02-2024 23:14:47]:❌ Ошибка -> Ошибка очистки пакета 22 copy -> Ошибка разбора файла rc: ../test_data/in/22 copy/123.rc, Expecting `Event::Start`
[09-02-2024 23:14:47]:❌ Ошибка -> Ошибка очистки пакета 22 -> Ошибка обработки транспотртного пакета ../test_data/in/22, текущей парсер не может обрабатывать поступившие файлы, необходимо обратиться к администратору
[09-02-2024 23:14:47]:💬 Информация -> Обработан файл ../test_data/in/38773995_1 copy 6/document.xml
[09-02-2024 23:14:47]:❌ Ошибка -> Ошибка очистки пакета 38773995_1 copy 6 -> Файл ../test_data/in/38773995_1 copy 6/document.edc.zip не существует в текущей директории
[09-02-2024 23:14:47]:💬 Информация -> Обработан файл ../test_data/in/38773995_1 copy 7/document.xml
[09-02-2024 23:14:47]:❌ Ошибка -> Ошибка очистки пакета 38773995_1 copy 7 -> Файл ../test_data/in/38773995_1 copy 7/document.edc.zip не существует в текущей директории
[09-02-2024 23:14:47]:💬 Информация -> Обработан файл ../test_data/in/38773995_1/document.xml
[09-02-2024 23:14:47]:❌ Ошибка -> Ошибка очистки пакета 38773995_1 -> Файл ../test_data/in/38773995_1/document.edc.zip не существует в текущей директории
[09-02-2024 23:14:47]:💬 Информация -> Обработан файл ../test_data/in/38773995_1_1_unzip/document.xml
[09-02-2024 23:14:47]:❌ Ошибка -> Ошибка очистки пакета 38773995_1_1_unzip -> Файл ../test_data/in/38773995_1_1_unzip/document.edc.zip не существует в текущей директории
[09-02-2024 23:14:47]:❌ Ошибка -> Ошибка очистки пакета 432 -> Ошибка обработки транспотрного пакета ../test_data/in/432, в текущей директории отсутсвуют файлы (есть директории), необходимо обратиться к администратору
[09-02-2024 23:14:47]:❌ Ошибка -> Ошибка очистки пакета two (копия) copy 2 -> Ошибка обработки транспотртного пакета ../test_data/in/two (копия) copy 2, текущей парсер не может обрабатывать поступившие файлы, необходимо обратиться к администратору
[09-02-2024 23:14:47]:❌ Ошибка -> Ошибка очистки пакета two (копия) copy 3 -> Ошибка обработки транспотртного пакета ../test_data/in/two (копия) copy 3, текущей парсер не может обрабатывать поступившие файлы, необходимо обратиться к администратору
[09-02-2024 23:14:47]:❌ Ошибка -> Ошибка очистки пакета two (копия) copy -> Ошибка обработки транспотртного пакета ../test_data/in/two (копия) copy, текущей парсер не может обрабатывать поступившие файлы, необходимо обратиться к администратору
[09-02-2024 23:14:47]:❌ Ошибка -> Ошибка очистки пакета two (копия) -> Ошибка обработки транспотртного пакета ../test_data/in/two (копия), текущей парсер не может обрабатывать поступившие файлы, необходимо обратиться к администратору
[09-02-2024 23:14:47]:❌ Ошибка -> Ошибка очистки пакета two -> Ошибка обработки транспотртного пакета ../test_data/in/two, текущей парсер не может обрабатывать поступившие файлы, необходимо обратиться к администратору
[09-02-2024 23:14:47]:❌ Ошибка -> Ошибка очистки пакета тест_1 copy -> Ошибка обработки транспотрного пакета ../test_data/in/тест_1 copy, в текущей директории отсутсвуют файлы (есть директории), необходимо обратиться к администратору
[09-02-2024 23:14:47]:❌ Ошибка -> Ошибка очистки пакета тест_1 -> Ошибка обработки транспотрного пакета ../test_data/in/тест_1, в текущей директории отсутсвуют файлы (есть директории), необходимо обратиться к администратору
[09-02-2024 23:27:45]:❌ Ошибка -> Ошибка очистки пакета 22 copy 10 -> Ошибка обработки транспотртного пакета ../test_data/in/22 copy 10, текущей парсер не может обрабатывать поступившие файлы, необходимо обратиться к администратору
[09-02-2024 23:27:45]:❌ Ошибка -> Ошибка очистки пакета 22 copy 11 -> Ошибка обработки транспотртного пакета ../test_data/in/22 copy 11, текущей парсер не может обрабатывать поступившие файлы, необходимо обратиться к администратору
[09-02-2024 23:27:45]:❌ Ошибка -> Ошибка очистки пакета 22 copy 12 -> Ошибка обработки транспотртного пакета ../test_data/in/22 copy 12, текущей парсер не может обрабатывать поступившие файлы, необходимо обратиться к администратору
[09-02-2024 23:27:45]:❌ Ошибка -> Ошибка очистки пакета 22 copy 13 -> Ошибка обработки транспотртного пакета ../test_data/in/22 copy 13, текущей парсер не может обрабатывать поступившие файлы, необходимо обратиться к администратору
[09-02-2024 23:27:45]:❌ Ошибка -> Ошибка очистки пакета 22 copy 14 -> Ошибка разбора файла rc: ../test_data/in/22 copy 14/123.rc, Expecting `Event::Start`
[09-02-2024 23:27:45]:❌ Ошибка -> Ошибка очистки пакета 22 copy 15 -> Ошибка разбора файла rc: ../test_data/in/22 copy 15/123.rc, Expecting `Event::Start`
[09-02-2024 23:27:45]:❌ Ошибка -> Ошибка очистки пакета 22 copy 16 -> Ошибка разбора файла rc: ../test_data/in/22 copy 16/123.rc, Expecting `Event::Start`
[09-02-2024 23:27:45]:❌ Ошибка -> Ошибка очистки пакета 22 copy 17 -> Ошибка обработки транспотртного пакета ../test_data/in/22 copy 17, текущей парсер не может обрабатывать поступившие файлы, необходимо обратиться к администратору
[09-02-2024 23:27:45]:❌ Ошибка -> Ошибка очистки пакета 22 copy 18 -> Ошибка обработки транспотртного пакета ../test_data/in/22 copy 18, текущей парсер не может обрабатывать поступившие файлы, необходимо обратиться к администратору
[09-02-2024 23:27:45]:❌ Ошибка -> Ошибка очистки пакета 22 copy 19 -> Ошибка разбора файла rc: ../test_data/in/22 copy 19/123.rc, Expecting `Event::Start`
[09-02-2024 23:27:45]:❌ Ошибка -> Ошибка очистки пакета 22 copy 2 -> Ошибка обработки транспотртного пакета ../test_data/in/22 copy 2, текущей парсер не может обрабатывать поступившие файлы, необходимо обратиться к администратору
[09-02-2024 23:27:45]:❌ Ошибка -> Ошибка очистки пакета 22 copy 3 -> Ошибка обработки транспотртного пакета ../test_data/in/22 copy 3, текущей парсер не может обрабатывать поступившие файлы, необходимо обратиться к администратору
[09-02-2024 23:27:45]:❌ Ошибка -> Ошибка очистки пакета 22 copy 4 -> Ошибка обработки транспотртного пакета ../test_data/in/22 copy 4, текущей парсер не может обрабатывать поступившие файлы, необходимо обратиться к администратору
[09-02-2024 23:27:45]:❌ Ошибка -> Ошибка очистки пакета 22 copy 5 -> Ошибка обработки транспотртного пакета ../test_data/in/22 copy 5, текущей парсер не может обрабатывать поступившие файлы, необходимо обратиться к администратору
[09-02-2024 23:27:45]:❌ Ошибка -> Ошибка очистки пакета 22 copy 6 -> Ошибка обработки транспотртного пакета ../test_data/in/22 copy 6, текущей парсер не может обрабатывать поступившие файлы, необходимо обратиться к администратору
[09-02-2024 23:27:45]:❌ Ошибка -> Ошибка очистки пакета 22 copy 7 -> Ошибка обработки транспотртного пакета ../test_data/in/22 copy 7, текущей парсер не может обрабатывать поступившие файлы, необходимо обратиться к администратору
[09-02-2024 23:27:45]:❌ Ошибка -> Ошибка очистки пакета 22 copy 8 -> Ошибка обработки транспотртного пакета ../test_data/in/22 copy 8, текущей парсер не может обрабатывать поступившие файлы, необходимо обратиться к администратору
[09-02-2024 23:27:45]:❌ Ошибка -> Ошибка очистки пакета 22 copy 9 -> Ошибка обработки транспотртного пакета ../test_data/in/22 copy 9, текущей парсер не может обрабатывать поступившие файлы, необходимо обратиться к администратору
[09-02-2024 23:27:45]:❌ Ошибка -> Ошибка очистки пакета 22 copy -> Ошибка разбора файла rc: ../test_data/in/22 copy/123.rc, Expecting `Event::Start`
[09-02-2024 23:27:45]:❌ Ошибка -> Ошибка очистки пакета 22 -> Ошибка обработки транспотртного пакета ../test_data/in/22, текущей парсер не может обрабатывать поступившие файлы, необходимо обратиться к администратору
[09-02-2024 23:27:45]:💬 Информация -> Обработан файл ../test_data/in/38773995_1 copy 6/document.xml
[09-02-2024 23:27:45]:❌ Ошибка -> Ошибка очистки пакета 38773995_1 copy 6 -> Файл ../test_data/in/38773995_1 copy 6/document.edc.zip не существует в текущей директории
[09-02-2024 23:27:45]:💬 Информация -> Обработан файл ../test_data/in/38773995_1 copy 7/document.xml
[09-02-2024 23:27:45]:❌ Ошибка -> Ошибка очистки пакета 38773995_1 copy 7 -> Файл ../test_data/in/38773995_1 copy 7/document.edc.zip не существует в текущей директории
[09-02-2024 23:27:45]:💬 Информация -> Обработан файл ../test_data/in/38773995_1/document.xml
[09-02-2024 23:27:46]:❌ Ошибка -> Ошибка очистки пакета 38773995_1 -> Файл ../test_data/in/38773995_1/document.edc.zip не существует в текущей директории
[09-02-2024 23:27:46]:💬 Информация -> Обработан файл ../test_data/in/38773995_1_1_unzip/document.xml
[09-02-2024 23:27:46]:❌ Ошибка -> Ошибка очистки пакета 38773995_1_1_unzip -> Файл ../test_data/in/38773995_1_1_unzip/document.edc.zip не существует в текущей директории
[09-02-2024 23:27:46]:❌ Ошибка -> Ошибка очистки пакета 432 -> Ошибка обработки транспотрного пакета ../test_data/in/432, в текущей директории отсутсвуют файлы (есть директории), необходимо обратиться к администратору
[09-02-2024 23:27:46]:❌ Ошибка -> Ошибка очистки пакета two (копия) copy 2 -> Ошибка обработки транспотртного пакета ../test_data/in/two (копия) copy 2, текущей парсер не может обрабатывать поступившие файлы, необходимо обратиться к администратору
[09-02-2024 23:27:46]:❌ Ошибка -> Ошибка очистки пакета two (копия) copy 3 -> Ошибка обработки транспотртного пакета ../test_data/in/two (копия) copy 3, текущей парсер не может обрабатывать поступившие файлы, необходимо обратиться к администратору
[09-02-2024 23:27:46]:❌ Ошибка -> Ошибка очистки пакета two (копия) copy -> Ошибка обработки транспотртного пакета ../test_data/in/two (копия) copy, текущей парсер не может обрабатывать поступившие файлы, необходимо обратиться к администратору
[09-02-2024 23:27:46]:❌ Ошибка -> Ошибка очистки пакета two (копия) -> Ошибка обработки транспотртного пакета ../test_data/in/two (копия), текущей парсер не может обрабатывать поступившие файлы, необходимо обратиться к администратору
[09-02-2024 23:27:46]:❌ Ошибка -> Ошибка очистки пакета two -> Ошибка обработки транспотртного пакета ../test_data/in/two, текущей парсер не может обрабатывать поступившие файлы, необходимо обратиться к администратору
[09-02-2024 23:27:46]:❌ Ошибка -> Ошибка очистки пакета тест_1 copy -> Ошибка обработки транспотрного пакета ../test_data/in/тест_1 copy, в текущей директории отсутсвуют файлы (есть директории), необходимо обратиться к администратору
[09-02-2024 23:27:46]:❌ Ошибка -> Ошибка очистки пакета тест_1 -> Ошибка обработки транспотрного пакета ../test_data/in/тест_1, в текущей директории отсутсвуют файлы (есть директории), необходимо обратиться к администратору
[09-02-2024 23:32:17]:⚠ Предупреждение -> Ошибка чтения файла /home/phobos/projects/rust/copy_from_in/src-tauri/from_backup_to_architector.task, текущий объект инициализирован с настроками по умолчанию No such file or directory (os error 2)
[09-02-2024 23:32:17]:⚠ Предупреждение -> Ошибка чтения файла /home/phobos/projects/rust/copy_from_in/src-tauri/from_in_to_backup.task, текущий объект инициализирован с настроками по умолчанию No such file or directory (os error 2)
[09-02-2024 23:32:17]:❌ Ошибка -> Ошибка очистки пакета 22 copy 10 -> Ошибка обработки транспотртного пакета ../test_data/in/22 copy 10, текущей парсер не может обрабатывать поступившие файлы, необходимо обратиться к администратору
[09-02-2024 23:32:17]:❌ Ошибка -> Ошибка очистки пакета 22 copy 11 -> Ошибка обработки транспотртного пакета ../test_data/in/22 copy 11, текущей парсер не может обрабатывать поступившие файлы, необходимо обратиться к администратору
[09-02-2024 23:32:17]:❌ Ошибка -> Ошибка очистки пакета 22 copy 12 -> Ошибка обработки транспотртного пакета ../test_data/in/22 copy 12, текущей парсер не может обрабатывать поступившие файлы, необходимо обратиться к администратору
[09-02-2024 23:32:17]:❌ Ошибка -> Ошибка очистки пакета 22 copy 13 -> Ошибка обработки транспотртного пакета ../test_data/in/22 copy 13, текущей парсер не может обрабатывать поступившие файлы, необходимо обратиться к администратору
[09-02-2024 23:32:17]:❌ Ошибка -> Ошибка очистки пакета 22 copy 14 -> Ошибка разбора файла rc: ../test_data/in/22 copy 14/123.rc, Expecting `Event::Start`
[09-02-2024 23:32:17]:❌ Ошибка -> Ошибка очистки пакета 22 copy 15 -> Ошибка разбора файла rc: ../test_data/in/22 copy 15/123.rc, Expecting `Event::Start`
[09-02-2024 23:32:17]:❌ Ошибка -> Ошибка очистки пакета 22 copy 16 -> Ошибка разбора файла rc: ../test_data/in/22 copy 16/123.rc, Expecting `Event::Start`
[09-02-2024 23:32:17]:❌ Ошибка -> Ошибка очистки пакета 22 copy 17 -> Ошибка обработки транспотртного пакета ../test_data/in/22 copy 17, текущей парсер не может обрабатывать поступившие файлы, необходимо обратиться к администратору
[09-02-2024 23:32:17]:❌ Ошибка -> Ошибка очистки пакета 22 copy 18 -> Ошибка обработки транспотртного пакета ../test_data/in/22 copy 18, текущей парсер не может обрабатывать поступившие файлы, необходимо обратиться к администратору
[09-02-2024 23:32:17]:❌ Ошибка -> Ошибка очистки пакета 22 copy 19 -> Ошибка разбора файла rc: ../test_data/in/22 copy 19/123.rc, Expecting `Event::Start`
[09-02-2024 23:32:17]:❌ Ошибка -> Ошибка очистки пакета 22 copy 2 -> Ошибка обработки транспотртного пакета ../test_data/in/22 copy 2, текущей парсер не может обрабатывать поступившие файлы, необходимо обратиться к администратору
[09-02-2024 23:32:17]:❌ Ошибка -> Ошибка очистки пакета 22 copy 3 -> Ошибка обработки транспотртного пакета ../test_data/in/22 copy 3, текущей парсер не может обрабатывать поступившие файлы, необходимо обратиться к администратору
[09-02-2024 23:32:17]:❌ Ошибка -> Ошибка очистки пакета 22 copy 4 -> Ошибка обработки транспотртного пакета ../test_data/in/22 copy 4, текущей парсер не может обрабатывать поступившие файлы, необходимо обратиться к администратору
[09-02-2024 23:32:17]:❌ Ошибка -> Ошибка очистки пакета 22 copy 5 -> Ошибка обработки транспотртного пакета ../test_data/in/22 copy 5, текущей парсер не может обрабатывать поступившие файлы, необходимо обратиться к администратору
[09-02-2024 23:32:17]:❌ Ошибка -> Ошибка очистки пакета 22 copy 6 -> Ошибка обработки транспотртного пакета ../test_data/in/22 copy 6, текущей парсер не может обрабатывать поступившие файлы, необходимо обратиться к администратору
[09-02-2024 23:32:17]:❌ Ошибка -> Ошибка очистки пакета 22 copy 7 -> Ошибка обработки транспотртного пакета ../test_data/in/22 copy 7, текущей парсер не может обрабатывать поступившие файлы, необходимо обратиться к администратору
[09-02-2024 23:32:17]:❌ Ошибка -> Ошибка очистки пакета 22 copy 8 -> Ошибка обработки транспотртного пакета ../test_data/in/22 copy 8, текущей парсер не может обрабатывать поступившие файлы, необходимо обратиться к администратору
[09-02-2024 23:32:17]:❌ Ошибка -> Ошибка очистки пакета 22 copy 9 -> Ошибка обработки транспотртного пакета ../test_data/in/22 copy 9, текущей парсер не может обрабатывать поступившие файлы, необходимо обратиться к администратору
[09-02-2024 23:32:17]:❌ Ошибка -> Ошибка очистки пакета 22 copy -> Ошибка разбора файла rc: ../test_data/in/22 copy/123.rc, Expecting `Event::Start`
[09-02-2024 23:32:17]:❌ Ошибка -> Ошибка очистки пакета 22 -> Ошибка обработки транспотртного пакета ../test_data/in/22, текущей парсер не может обрабатывать поступившие файлы, необходимо обратиться к администратору
[09-02-2024 23:32:17]:💬 Информация -> Обработан файл ../test_data/in/38773995_1 copy 6/document.xml
[09-02-2024 23:32:17]:❌ Ошибка -> Ошибка очистки пакета 38773995_1 copy 6 -> Файл ../test_data/in/38773995_1 copy 6/document.edc.zip не существует в текущей директории
[09-02-2024 23:32:17]:💬 Информация -> Обработан файл ../test_data/in/38773995_1 copy 7/document.xml
[09-02-2024 23:32:17]:❌ Ошибка -> Ошибка очистки пакета 38773995_1 copy 7 -> Файл ../test_data/in/38773995_1 copy 7/document.edc.zip не существует в текущей директории
[09-02-2024 23:32:17]:💬 Информация -> Обработан файл ../test_data/in/38773995_1/document.xml
[09-02-2024 23:32:17]:❌ Ошибка -> Ошибка очистки пакета 38773995_1 -> Файл ../test_data/in/38773995_1/document.edc.zip не существует в текущей директории
[09-02-2024 23:32:17]:💬 Информация -> Обработан файл ../test_data/in/38773995_1_1_unzip/document.xml
[09-02-2024 23:32:17]:❌ Ошибка -> Ошибка очистки пакета 38773995_1_1_unzip -> Файл ../test_data/in/38773995_1_1_unzip/document.edc.zip не существует в текущей директории
[09-02-2024 23:32:17]:❌ Ошибка -> Ошибка очистки пакета 432 -> Ошибка обработки транспотрного пакета ../test_data/in/432, в текущей директории отсутсвуют файлы (есть директории), необходимо обратиться к администратору
[09-02-2024 23:32:17]:❌ Ошибка -> Ошибка очистки пакета two (копия) copy 2 -> Ошибка обработки транспотртного пакета ../test_data/in/two (копия) copy 2, текущей парсер не может обрабатывать поступившие файлы, необходимо обратиться к администратору
[09-02-2024 23:32:17]:❌ Ошибка -> Ошибка очистки пакета two (копия) copy 3 -> Ошибка обработки транспотртного пакета ../test_data/in/two (копия) copy 3, текущей парсер не может обрабатывать поступившие файлы, необходимо обратиться к администратору
[09-02-2024 23:32:17]:❌ Ошибка -> Ошибка очистки пакета two (копия) copy -> Ошибка обработки транспотртного пакета ../test_data/in/two (копия) copy, текущей парсер не может обрабатывать поступившие файлы, необходимо обратиться к администратору
[09-02-2024 23:32:17]:❌ Ошибка -> Ошибка очистки пакета two (копия) -> Ошибка обработки транспотртного пакета ../test_data/in/two (копия), текущей парсер не может обрабатывать поступившие файлы, необходимо обратиться к администратору
[09-02-2024 23:32:17]:❌ Ошибка -> Ошибка очистки пакета two -> Ошибка обработки транспотртного пакета ../test_data/in/two, текущей парсер не может обрабатывать поступившие файлы, необходимо обратиться к администратору
[09-02-2024 23:32:17]:❌ Ошибка -> Ошибка очистки пакета тест_1 copy -> Ошибка обработки транспотрного пакета ../test_data/in/тест_1 copy, в текущей директории отсутсвуют файлы (есть директории), необходимо обратиться к администратору
[09-02-2024 23:32:17]:❌ Ошибка -> Ошибка очистки пакета тест_1 -> Ошибка обработки транспотрного пакета ../test_data/in/тест_1, в текущей директории отсутсвуют файлы (есть директории), необходимо обратиться к администратору
[09-02-2024 23:32:17]:💬 Информация -> При проверке списка задач исключено 0 несуществующих директорий
[09-02-2024 23:34:05]:⚠ Предупреждение -> Ошибка чтения файла /home/phobos/projects/rust/copy_from_in/src-tauri/from_backup_to_architector.task, текущий объект инициализирован с настроками по умолчанию No such file or directory (os error 2)
[09-02-2024 23:34:05]:⚠ Предупреждение -> Ошибка чтения файла /home/phobos/projects/rust/copy_from_in/src-tauri/from_in_to_backup.task, текущий объект инициализирован с настроками по умолчанию No such file or directory (os error 2)
[09-02-2024 23:34:05]:❌ Ошибка -> Ошибка очистки пакета 22 copy 10 -> Ошибка обработки транспотртного пакета ../test_data/in/22 copy 10, текущей парсер не может обрабатывать поступившие файлы, необходимо обратиться к администратору
[09-02-2024 23:34:05]:❌ Ошибка -> Ошибка очистки пакета 22 copy 11 -> Ошибка обработки транспотртного пакета ../test_data/in/22 copy 11, текущей парсер не может обрабатывать поступившие файлы, необходимо обратиться к администратору
[09-02-2024 23:34:05]:❌ Ошибка -> Ошибка очистки пакета 22 copy 12 -> Ошибка обработки транспотртного пакета ../test_data/in/22 copy 12, текущей парсер не может обрабатывать поступившие файлы, необходимо обратиться к администратору
[09-02-2024 23:34:05]:❌ Ошибка -> Ошибка очистки пакета 22 copy 13 -> Ошибка обработки транспотртного пакета ../test_data/in/22 copy 13, текущей парсер не может обрабатывать поступившие файлы, необходимо обратиться к администратору
[09-02-2024 23:34:05]:❌ Ошибка -> Ошибка очистки пакета 22 copy 14 -> Ошибка разбора файла rc: ../test_data/in/22 copy 14/123.rc, Expecting `Event::Start`
[09-02-2024 23:34:05]:❌ Ошибка -> Ошибка очистки пакета 22 copy 15 -> Ошибка разбора файла rc: ../test_data/in/22 copy 15/123.rc, Expecting `Event::Start`
[09-02-2024 23:34:05]:❌ Ошибка -> Ошибка очистки пакета 22 copy 16 -> Ошибка разбора файла rc: ../test_data/in/22 copy 16/123.rc, Expecting `Event::Start`
[09-02-2024 23:34:05]:❌ Ошибка -> Ошибка очистки пакета 22 copy 17 -> Ошибка обработки транспотртного пакета ../test_data/in/22 copy 17, текущей парсер не может обрабатывать поступившие файлы, необходимо обратиться к администратору
[09-02-2024 23:34:05]:❌ Ошибка -> Ошибка очистки пакета 22 copy 18 -> Ошибка обработки транспотртного пакета ../test_data/in/22 copy 18, текущей парсер не может обрабатывать поступившие файлы, необходимо обратиться к администратору
[09-02-2024 23:34:05]:❌ Ошибка -> Ошибка очистки пакета 22 copy 19 -> Ошибка разбора файла rc: ../test_data/in/22 copy 19/123.rc, Expecting `Event::Start`
[09-02-2024 23:34:05]:❌ Ошибка -> Ошибка очистки пакета 22 copy 2 -> Ошибка обработки транспотртного пакета ../test_data/in/22 copy 2, текущей парсер не может обрабатывать поступившие файлы, необходимо обратиться к администратору
[09-02-2024 23:34:05]:❌ Ошибка -> Ошибка очистки пакета 22 copy 3 -> Ошибка обработки транспотртного пакета ../test_data/in/22 copy 3, текущей парсер не может обрабатывать поступившие файлы, необходимо обратиться к администратору
[09-02-2024 23:34:05]:❌ Ошибка -> Ошибка очистки пакета 22 copy 4 -> Ошибка обработки транспотртного пакета ../test_data/in/22 copy 4, текущей парсер не может обрабатывать поступившие файлы, необходимо обратиться к администратору
[09-02-2024 23:34:05]:❌ Ошибка -> Ошибка очистки пакета 22 copy 5 -> Ошибка обработки транспотртного пакета ../test_data/in/22 copy 5, текущей парсер не может обрабатывать поступившие файлы, необходимо обратиться к администратору
[09-02-2024 23:34:05]:❌ Ошибка -> Ошибка очистки пакета 22 copy 6 -> Ошибка обработки транспотртного пакета ../test_data/in/22 copy 6, текущей парсер не может обрабатывать поступившие файлы, необходимо обратиться к администратору
[09-02-2024 23:34:05]:❌ Ошибка -> Ошибка очистки пакета 22 copy 7 -> Ошибка обработки транспотртного пакета ../test_data/in/22 copy 7, текущей парсер не может обрабатывать поступившие файлы, необходимо обратиться к администратору
[09-02-2024 23:34:05]:❌ Ошибка -> Ошибка очистки пакета 22 copy 8 -> Ошибка обработки транспотртного пакета ../test_data/in/22 copy 8, текущей парсер не может обрабатывать поступившие файлы, необходимо обратиться к администратору
[09-02-2024 23:34:05]:❌ Ошибка -> Ошибка очистки пакета 22 copy 9 -> Ошибка обработки транспотртного пакета ../test_data/in/22 copy 9, текущей парсер не может обрабатывать поступившие файлы, необходимо обратиться к администратору
[09-02-2024 23:34:05]:❌ Ошибка -> Ошибка очистки пакета 22 copy -> Ошибка разбора файла rc: ../test_data/in/22 copy/123.rc, Expecting `Event::Start`
[09-02-2024 23:34:05]:❌ Ошибка -> Ошибка очистки пакета 22 -> Ошибка обработки транспотртного пакета ../test_data/in/22, текущей парсер не может обрабатывать поступившие файлы, необходимо обратиться к администратору
[09-02-2024 23:34:05]:💬 Информация -> Обработан файл ../test_data/in/38773995_1 copy 6/document.xml
[09-02-2024 23:34:05]:❌ Ошибка -> Ошибка очистки пакета 38773995_1 copy 6 -> Файл ../test_data/in/38773995_1 copy 6/document.edc.zip не существует в текущей директории
[09-02-2024 23:34:05]:💬 Информация -> Обработан файл ../test_data/in/38773995_1 copy 7/document.xml
[09-02-2024 23:34:05]:❌ Ошибка -> Ошибка очистки пакета 38773995_1 copy 7 -> Файл ../test_data/in/38773995_1 copy 7/document.edc.zip не существует в текущей директории
[09-02-2024 23:34:05]:💬 Информация -> Обработан файл ../test_data/in/38773995_1/document.xml
[09-02-2024 23:34:05]:💬 Информация -> unzip container ../test_data/in/38773995_1/container.zip
[09-02-2024 23:34:05]:💬 Информация -> Обработан файл ../test_data/in/38773995_1/container/passport.xml
[09-02-2024 23:34:05]:💬 Информация -> Обработан файл ../test_data/in/38773995_1_1_unzip/document.xml
[09-02-2024 23:34:05]:❌ Ошибка -> Ошибка очистки пакета 38773995_1_1_unzip -> Файл ../test_data/in/38773995_1_1_unzip/document.edc.zip не существует в текущей директории
[09-02-2024 23:34:05]:❌ Ошибка -> Ошибка очистки пакета 432 -> Ошибка обработки транспотрного пакета ../test_data/in/432, в текущей директории отсутсвуют файлы (есть директории), необходимо обратиться к администратору
[09-02-2024 23:34:05]:❌ Ошибка -> Ошибка очистки пакета two (копия) copy 2 -> Ошибка обработки транспотртного пакета ../test_data/in/two (копия) copy 2, текущей парсер не может обрабатывать поступившие файлы, необходимо обратиться к администратору
[09-02-2024 23:34:05]:❌ Ошибка -> Ошибка очистки пакета two (копия) copy 3 -> Ошибка обработки транспотртного пакета ../test_data/in/two (копия) copy 3, текущей парсер не может обрабатывать поступившие файлы, необходимо обратиться к администратору
[09-02-2024 23:34:05]:❌ Ошибка -> Ошибка очистки пакета two (копия) copy -> Ошибка обработки транспотртного пакета ../test_data/in/two (копия) copy, текущей парсер не может обрабатывать поступившие файлы, необходимо обратиться к администратору
[09-02-2024 23:34:05]:❌ Ошибка -> Ошибка очистки пакета two (копия) -> Ошибка обработки транспотртного пакета ../test_data/in/two (копия), текущей парсер не может обрабатывать поступившие файлы, необходимо обратиться к администратору
[09-02-2024 23:34:05]:❌ Ошибка -> Ошибка очистки пакета two -> Ошибка обработки транспотртного пакета ../test_data/in/two, текущей парсер не может обрабатывать поступившие файлы, необходимо обратиться к администратору
[09-02-2024 23:34:05]:❌ Ошибка -> Ошибка очистки пакета тест_1 copy -> Ошибка обработки транспотрного пакета ../test_data/in/тест_1 copy, в текущей директории отсутсвуют файлы (есть директории), необходимо обратиться к администратору
[09-02-2024 23:34:05]:❌ Ошибка -> Ошибка очистки пакета тест_1 -> Ошибка обработки транспотрного пакета ../test_data/in/тест_1, в текущей директории отсутсвуют файлы (есть директории), необходимо обратиться к администратору
[09-02-2024 23:34:05]:💬 Информация -> При проверке списка задач исключено 0 несуществующих директорий
[09-02-2024 23:41:15]:⚠ Предупреждение -> Ошибка чтения файла /home/phobos/projects/rust/copy_from_in/src-tauri/from_backup_to_architector.task, текущий объект инициализирован с настроками по умолчанию No such file or directory (os error 2)
[09-02-2024 23:41:15]:⚠ Предупреждение -> Ошибка чтения файла /home/phobos/projects/rust/copy_from_in/src-tauri/from_in_to_backup.task, текущий объект инициализирован с настроками по умолчанию No such file or directory (os error 2)
[09-02-2024 23:41:15]:❌ Ошибка -> Ошибка очистки пакета 22 copy 10 -> Ошибка обработки транспотртного пакета ../test_data/in/22 copy 10, текущей парсер не может обрабатывать поступившие файлы, необходимо обратиться к администратору
[09-02-2024 23:41:15]:❌ Ошибка -> Ошибка очистки пакета 22 copy 11 -> Ошибка обработки транспотртного пакета ../test_data/in/22 copy 11, текущей парсер не может обрабатывать поступившие файлы, необходимо обратиться к администратору
[09-02-2024 23:41:15]:❌ Ошибка -> Ошибка очистки пакета 22 copy 12 -> Ошибка обработки транспотртного пакета ../test_data/in/22 copy 12, текущей парсер не может обрабатывать поступившие файлы, необходимо обратиться к администратору
[09-02-2024 23:41:15]:❌ Ошибка -> Ошибка очистки пакета 22 copy 13 -> Ошибка обработки транспотртного пакета ../test_data/in/22 copy 13, текущей парсер не может обрабатывать поступившие файлы, необходимо обратиться к администратору
[09-02-2024 23:41:15]:❌ Ошибка -> Ошибка очистки пакета 22 copy 14 -> Ошибка разбора файла rc: ../test_data/in/22 copy 14/123.rc, Expecting `Event::Start`
[09-02-2024 23:41:15]:❌ Ошибка -> Ошибка очистки пакета 22 copy 15 -> Ошибка разбора файла rc: ../test_data/in/22 copy 15/123.rc, Expecting `Event::Start`
[09-02-2024 23:41:15]:❌ Ошибка -> Ошибка очистки пакета 22 copy 16 -> Ошибка разбора файла rc: ../test_data/in/22 copy 16/123.rc, Expecting `Event::Start`
[09-02-2024 23:41:15]:❌ Ошибка -> Ошибка очистки пакета 22 copy 17 -> Ошибка обработки транспотртного пакета ../test_data/in/22 copy 17, текущей парсер не может обрабатывать поступившие файлы, необходимо обратиться к администратору
[09-02-2024 23:41:15]:❌ Ошибка -> Ошибка очистки пакета 22 copy 18 -> Ошибка обработки транспотртного пакета ../test_data/in/22 copy 18, текущей парсер не может обрабатывать поступившие файлы, необходимо обратиться к администратору
[09-02-2024 23:41:15]:❌ Ошибка -> Ошибка очистки пакета 22 copy 19 -> Ошибка разбора файла rc: ../test_data/in/22 copy 19/123.rc, Expecting `Event::Start`
[09-02-2024 23:41:15]:❌ Ошибка -> Ошибка очистки пакета 22 copy 2 -> Ошибка обработки транспотртного пакета ../test_data/in/22 copy 2, текущей парсер не может обрабатывать поступившие файлы, необходимо обратиться к администратору
[09-02-2024 23:41:15]:❌ Ошибка -> Ошибка очистки пакета 22 copy 3 -> Ошибка обработки транспотртного пакета ../test_data/in/22 copy 3, текущей парсер не может обрабатывать поступившие файлы, необходимо обратиться к администратору
[09-02-2024 23:41:15]:❌ Ошибка -> Ошибка очистки пакета 22 copy 4 -> Ошибка обработки транспотртного пакета ../test_data/in/22 copy 4, текущей парсер не может обрабатывать поступившие файлы, необходимо обратиться к администратору
[09-02-2024 23:41:15]:❌ Ошибка -> Ошибка очистки пакета 22 copy 5 -> Ошибка обработки транспотртного пакета ../test_data/in/22 copy 5, текущей парсер не может обрабатывать поступившие файлы, необходимо обратиться к администратору
[09-02-2024 23:41:15]:❌ Ошибка -> Ошибка очистки пакета 22 copy 6 -> Ошибка обработки транспотртного пакета ../test_data/in/22 copy 6, текущей парсер не может обрабатывать поступившие файлы, необходимо обратиться к администратору
[09-02-2024 23:41:15]:❌ Ошибка -> Ошибка очистки пакета 22 copy 7 -> Ошибка обработки транспотртного пакета ../test_data/in/22 copy 7, текущей парсер не может обрабатывать поступившие файлы, необходимо обратиться к администратору
[09-02-2024 23:41:15]:❌ Ошибка -> Ошибка очистки пакета 22 copy 8 -> Ошибка обработки транспотртного пакета ../test_data/in/22 copy 8, текущей парсер не может обрабатывать поступившие файлы, необходимо обратиться к администратору
[09-02-2024 23:41:15]:❌ Ошибка -> Ошибка очистки пакета 22 copy 9 -> Ошибка обработки транспотртного пакета ../test_data/in/22 copy 9, текущей парсер не может обрабатывать поступившие файлы, необходимо обратиться к администратору
[09-02-2024 23:41:15]:❌ Ошибка -> Ошибка очистки пакета 22 copy -> Ошибка разбора файла rc: ../test_data/in/22 copy/123.rc, Expecting `Event::Start`
[09-02-2024 23:41:15]:❌ Ошибка -> Ошибка очистки пакета 22 -> Ошибка обработки транспотртного пакета ../test_data/in/22, текущей парсер не может обрабатывать поступившие файлы, необходимо обратиться к администратору
[09-02-2024 23:41:15]:💬 Информация -> Обработан файл ../test_data/in/38773995_1 copy 6/document.xml
[09-02-2024 23:41:15]:❌ Ошибка -> Ошибка очистки пакета 38773995_1 copy 6 -> Файл ../test_data/in/38773995_1 copy 6/document.edc.zip не существует в текущей директории
[09-02-2024 23:41:15]:💬 Информация -> Обработан файл ../test_data/in/38773995_1 copy 7/document.xml
[09-02-2024 23:41:15]:❌ Ошибка -> Ошибка очистки пакета 38773995_1 copy 7 -> Файл ../test_data/in/38773995_1 copy 7/document.edc.zip не существует в текущей директории
[09-02-2024 23:41:15]:💬 Информация -> Обработан файл ../test_data/in/38773995_1/document.xml
[09-02-2024 23:41:15]:💬 Информация -> unzip container ../test_data/in/38773995_1/container.zip
[09-02-2024 23:41:15]:💬 Информация -> Обработан файл ../test_data/in/38773995_1/container/passport.xml
[09-02-2024 23:41:15]:💬 Информация -> Обработан файл ../test_data/in/38773995_1_1_unzip/document.xml
[09-02-2024 23:41:15]:❌ Ошибка -> Ошибка очистки пакета 38773995_1_1_unzip -> Файл ../test_data/in/38773995_1_1_unzip/document.edc.zip не существует в текущей директории
[09-02-2024 23:41:15]:❌ Ошибка -> Ошибка очистки пакета 432 -> Ошибка обработки транспотрного пакета ../test_data/in/432, в текущей директории отсутсвуют файлы (есть директории), необходимо обратиться к администратору
[09-02-2024 23:41:15]:❌ Ошибка -> Ошибка очистки пакета two (копия) copy 2 -> Ошибка обработки транспотртного пакета ../test_data/in/two (копия) copy 2, текущей парсер не может обрабатывать поступившие файлы, необходимо обратиться к администратору
[09-02-2024 23:41:15]:❌ Ошибка -> Ошибка очистки пакета two (копия) copy 3 -> Ошибка обработки транспотртного пакета ../test_data/in/two (копия) copy 3, текущей парсер не может обрабатывать поступившие файлы, необходимо обратиться к администратору
[09-02-2024 23:41:15]:❌ Ошибка -> Ошибка очистки пакета two (копия) copy -> Ошибка обработки транспотртного пакета ../test_data/in/two (копия) copy, текущей парсер не может обрабатывать поступившие файлы, необходимо обратиться к администратору
[09-02-2024 23:41:15]:❌ Ошибка -> Ошибка очистки пакета two (копия) -> Ошибка обработки транспотртного пакета ../test_data/in/two (копия), текущей парсер не может обрабатывать поступившие файлы, необходимо обратиться к администратору
[09-02-2024 23:41:15]:❌ Ошибка -> Ошибка очистки пакета two -> Ошибка обработки транспотртного пакета ../test_data/in/two, текущей парсер не может обрабатывать поступившие файлы, необходимо обратиться к администратору
[09-02-2024 23:41:15]:❌ Ошибка -> Ошибка очистки пакета тест_1 copy -> Ошибка обработки транспотрного пакета ../test_data/in/тест_1 copy, в текущей директории отсутсвуют файлы (есть директории), необходимо обратиться к администратору
[09-02-2024 23:41:15]:❌ Ошибка -> Ошибка очистки пакета тест_1 -> Ошибка обработки транспотрного пакета ../test_data/in/тест_1, в текущей директории отсутсвуют файлы (есть директории), необходимо обратиться к администратору
[09-02-2024 23:41:15]:💬 Информация -> При проверке списка задач исключено 0 несуществующих директорий
[09-02-2024 23:45:04]:⚠ Предупреждение -> Ошибка чтения файла /home/phobos/projects/rust/copy_from_in/src-tauri/from_backup_to_architector.task, текущий объект инициализирован с настроками по умолчанию No such file or directory (os error 2)
[09-02-2024 23:45:04]:⚠ Предупреждение -> Ошибка чтения файла /home/phobos/projects/rust/copy_from_in/src-tauri/from_in_to_backup.task, текущий объект инициализирован с настроками по умолчанию No such file or directory (os error 2)
[09-02-2024 23:45:04]:❌ Ошибка -> Ошибка очистки пакета 22 copy 10 -> Ошибка обработки транспотртного пакета ../test_data/in/22 copy 10, текущей парсер не может обрабатывать поступившие файлы, необходимо обратиться к администратору
[09-02-2024 23:45:04]:❌ Ошибка -> Ошибка очистки пакета 22 copy 11 -> Ошибка обработки транспотртного пакета ../test_data/in/22 copy 11, текущей парсер не может обрабатывать поступившие файлы, необходимо обратиться к администратору
[09-02-2024 23:45:04]:❌ Ошибка -> Ошибка очистки пакета 22 copy 12 -> Ошибка обработки транспотртного пакета ../test_data/in/22 copy 12, текущей парсер не может обрабатывать поступившие файлы, необходимо обратиться к администратору
[09-02-2024 23:45:04]:❌ Ошибка -> Ошибка очистки пакета 22 copy 13 -> Ошибка обработки транспотртного пакета ../test_data/in/22 copy 13, текущей парсер не может обрабатывать поступившие файлы, необходимо обратиться к администратору
[09-02-2024 23:45:04]:❌ Ошибка -> Ошибка очистки пакета 22 copy 14 -> Ошибка разбора файла rc: ../test_data/in/22 copy 14/123.rc, Expecting `Event::Start`
[09-02-2024 23:45:04]:❌ Ошибка -> Ошибка очистки пакета 22 copy 15 -> Ошибка разбора файла rc: ../test_data/in/22 copy 15/123.rc, Expecting `Event::Start`
[09-02-2024 23:45:04]:❌ Ошибка -> Ошибка очистки пакета 22 copy 16 -> Ошибка разбора файла rc: ../test_data/in/22 copy 16/123.rc, Expecting `Event::Start`
[09-02-2024 23:45:04]:❌ Ошибка -> Ошибка очистки пакета 22 copy 17 -> Ошибка обработки транспотртного пакета ../test_data/in/22 copy 17, текущей парсер не может обрабатывать поступившие файлы, необходимо обратиться к администратору
[09-02-2024 23:45:04]:❌ Ошибка -> Ошибка очистки пакета 22 copy 18 -> Ошибка обработки транспотртного пакета ../test_data/in/22 copy 18, текущей парсер не может обрабатывать поступившие файлы, необходимо обратиться к администратору
[09-02-2024 23:45:04]:❌ Ошибка -> Ошибка очистки пакета 22 copy 19 -> Ошибка разбора файла rc: ../test_data/in/22 copy 19/123.rc, Expecting `Event::Start`
[09-02-2024 23:45:04]:❌ Ошибка -> Ошибка очистки пакета 22 copy 2 -> Ошибка обработки транспотртного пакета ../test_data/in/22 copy 2, текущей парсер не может обрабатывать поступившие файлы, необходимо обратиться к администратору
[09-02-2024 23:45:04]:❌ Ошибка -> Ошибка очистки пакета 22 copy 3 -> Ошибка обработки транспотртного пакета ../test_data/in/22 copy 3, текущей парсер не может обрабатывать поступившие файлы, необходимо обратиться к администратору
[09-02-2024 23:45:04]:❌ Ошибка -> Ошибка очистки пакета 22 copy 4 -> Ошибка обработки транспотртного пакета ../test_data/in/22 copy 4, текущей парсер не может обрабатывать поступившие файлы, необходимо обратиться к администратору
[09-02-2024 23:45:04]:❌ Ошибка -> Ошибка очистки пакета 22 copy 5 -> Ошибка обработки транспотртного пакета ../test_data/in/22 copy 5, текущей парсер не может обрабатывать поступившие файлы, необходимо обратиться к администратору
[09-02-2024 23:45:04]:❌ Ошибка -> Ошибка очистки пакета 22 copy 6 -> Ошибка обработки транспотртного пакета ../test_data/in/22 copy 6, текущей парсер не может обрабатывать поступившие файлы, необходимо обратиться к администратору
[09-02-2024 23:45:04]:❌ Ошибка -> Ошибка очистки пакета 22 copy 7 -> Ошибка обработки транспотртного пакета ../test_data/in/22 copy 7, текущей парсер не может обрабатывать поступившие файлы, необходимо обратиться к администратору
[09-02-2024 23:45:04]:❌ Ошибка -> Ошибка очистки пакета 22 copy 8 -> Ошибка обработки транспотртного пакета ../test_data/in/22 copy 8, текущей парсер не может обрабатывать поступившие файлы, необходимо обратиться к администратору
[09-02-2024 23:45:04]:❌ Ошибка -> Ошибка очистки пакета 22 copy 9 -> Ошибка обработки транспотртного пакета ../test_data/in/22 copy 9, текущей парсер не может обрабатывать поступившие файлы, необходимо обратиться к администратору
[09-02-2024 23:45:04]:❌ Ошибка -> Ошибка очистки пакета 22 copy -> Ошибка разбора файла rc: ../test_data/in/22 copy/123.rc, Expecting `Event::Start`
[09-02-2024 23:45:04]:❌ Ошибка -> Ошибка очистки пакета 22 -> Ошибка обработки транспотртного пакета ../test_data/in/22, текущей парсер не может обрабатывать поступившие файлы, необходимо обратиться к администратору
[09-02-2024 23:45:04]:💬 Информация -> Обработан файл ../test_data/in/38773995_1 copy 6/document.xml
[09-02-2024 23:45:04]:❌ Ошибка -> Ошибка очистки пакета 38773995_1 copy 6 -> Файл ../test_data/in/38773995_1 copy 6/document.edc.zip не существует в текущей директории
[09-02-2024 23:45:04]:💬 Информация -> Обработан файл ../test_data/in/38773995_1 copy 7/document.xml
[09-02-2024 23:45:04]:❌ Ошибка -> Ошибка очистки пакета 38773995_1 copy 7 -> Файл ../test_data/in/38773995_1 copy 7/document.edc.zip не существует в текущей директории
[09-02-2024 23:45:05]:💬 Информация -> Обработан файл ../test_data/in/38773995_1/document.xml
[09-02-2024 23:45:06]:💬 Информация -> unzip container ../test_data/in/38773995_1/container.zip
[09-02-2024 23:45:06]:💬 Информация -> Обработан файл ../test_data/in/38773995_1/container/passport.xml
[09-02-2024 23:45:06]:💬 Информация -> Служебное письмо Аппарата Правительства Российской Федерации ["Квитанция"]
[09-02-2024 23:45:06]:💬 Информация -> Обработан файл ../test_data/in/38773995_1_1_unzip/document.xml
[09-02-2024 23:45:06]:❌ Ошибка -> Ошибка очистки пакета 38773995_1_1_unzip -> Файл ../test_data/in/38773995_1_1_unzip/document.edc.zip не существует в текущей директории
[09-02-2024 23:45:06]:❌ Ошибка -> Ошибка очистки пакета 432 -> Ошибка обработки транспотрного пакета ../test_data/in/432, в текущей директории отсутсвуют файлы (есть директории), необходимо обратиться к администратору
[09-02-2024 23:45:06]:❌ Ошибка -> Ошибка очистки пакета two (копия) copy 2 -> Ошибка обработки транспотртного пакета ../test_data/in/two (копия) copy 2, текущей парсер не может обрабатывать поступившие файлы, необходимо обратиться к администратору
[09-02-2024 23:45:06]:❌ Ошибка -> Ошибка очистки пакета two (копия) copy 3 -> Ошибка обработки транспотртного пакета ../test_data/in/two (копия) copy 3, текущей парсер не может обрабатывать поступившие файлы, необходимо обратиться к администратору
[09-02-2024 23:45:06]:❌ Ошибка -> Ошибка очистки пакета two (копия) copy -> Ошибка обработки транспотртного пакета ../test_data/in/two (копия) copy, текущей парсер не может обрабатывать поступившие файлы, необходимо обратиться к администратору
[09-02-2024 23:45:06]:❌ Ошибка -> Ошибка очистки пакета two (копия) -> Ошибка обработки транспотртного пакета ../test_data/in/two (копия), текущей парсер не может обрабатывать поступившие файлы, необходимо обратиться к администратору
[09-02-2024 23:45:06]:❌ Ошибка -> Ошибка очистки пакета two -> Ошибка обработки транспотртного пакета ../test_data/in/two, текущей парсер не может обрабатывать поступившие файлы, необходимо обратиться к администратору
[09-02-2024 23:45:06]:❌ Ошибка -> Ошибка очистки пакета тест_1 copy -> Ошибка обработки транспотрного пакета ../test_data/in/тест_1 copy, в текущей директории отсутсвуют файлы (есть директории), необходимо обратиться к администратору
[09-02-2024 23:45:06]:❌ Ошибка -> Ошибка очистки пакета тест_1 -> Ошибка обработки транспотрного пакета ../test_data/in/тест_1, в текущей директории отсутсвуют файлы (есть директории), необходимо обратиться к администратору
[09-02-2024 23:45:06]:💬 Информация -> При проверке списка задач исключено 0 несуществующих директорий
